TN:
SF:src/App.tsx
FN:8,RequireAuth
FN:9,(anonymous_1)
FN:14,App
FN:15,(anonymous_3)
FN:16,(anonymous_4)
FN:17,(anonymous_5)
FN:19,(anonymous_6)
FNF:7
FNH:0
FNDA:0,RequireAuth
FNDA:0,(anonymous_1)
FNDA:0,App
FNDA:0,(anonymous_3)
FNDA:0,(anonymous_4)
FNDA:0,(anonymous_5)
FNDA:0,(anonymous_6)
DA:9,0
DA:10,0
DA:11,0
DA:15,0
DA:16,0
DA:17,0
DA:19,0
DA:20,0
DA:23,0
DA:24,0
DA:32,0
LF:11
LH:0
BRDA:10,0,0,0
BRDA:10,0,1,0
BRDA:23,1,0,0
BRDA:23,1,1,0
BRDA:34,2,0,0
BRDA:34,2,1,0
BRDA:35,3,0,0
BRDA:35,3,1,0
BRF:8
BRH:0
end_of_record
TN:
SF:src/main.tsx
FNF:0
FNH:0
DA:7,0
LF:1
LH:0
BRF:0
BRH:0
end_of_record
TN:
SF:src/components/AddFriendModal.tsx
FN:8,AddFriendModal
FN:15,(anonymous_1)
FN:19,handleSend
FN:37,(anonymous_3)
FN:50,(anonymous_4)
FN:51,(anonymous_5)
FNF:6
FNH:0
FNDA:0,AddFriendModal
FNDA:0,(anonymous_1)
FNDA:0,handleSend
FNDA:0,(anonymous_3)
FNDA:0,(anonymous_4)
FNDA:0,(anonymous_5)
DA:9,0
DA:10,0
DA:11,0
DA:12,0
DA:13,0
DA:15,0
DA:16,0
DA:20,0
DA:21,0
DA:22,0
DA:23,0
DA:24,0
DA:25,0
DA:26,0
DA:27,0
DA:29,0
DA:31,0
DA:35,0
DA:37,0
DA:50,0
DA:51,0
LF:21
LH:0
BRDA:20,0,0,0
BRDA:20,0,1,0
BRDA:29,1,0,0
BRDA:29,1,1,0
BRDA:51,2,0,0
BRDA:51,2,1,0
BRDA:55,3,0,0
BRDA:55,3,1,0
BRDA:56,4,0,0
BRDA:56,4,1,0
BRDA:66,5,0,0
BRDA:66,5,1,0
BRDA:68,6,0,0
BRDA:68,6,1,0
BRF:14
BRH:0
end_of_record
TN:
SF:src/components/Avatar.tsx
FN:10,Avatar
FN:23,(anonymous_1)
FNF:2
FNH:0
FNDA:0,Avatar
FNDA:0,(anonymous_1)
DA:11,0
DA:13,0
DA:15,0
DA:16,0
DA:23,0
DA:29,0
LF:6
LH:0
BRDA:10,0,0,0
BRDA:10,1,0,0
BRDA:13,2,0,0
BRDA:13,2,1,0
BRDA:15,3,0,0
BRDA:15,3,1,0
BRDA:15,4,0,0
BRDA:15,4,1,0
BRF:8
BRH:0
end_of_record
TN:
SF:src/components/BanMemberModal.tsx
FN:12,BanMemberModal
FN:13,(anonymous_1)
FN:18,handleBan
FN:34,(anonymous_3)
FN:46,(anonymous_4)
FNF:5
FNH:0
FNDA:0,BanMemberModal
FNDA:0,(anonymous_1)
FNDA:0,handleBan
FNDA:0,(anonymous_3)
FNDA:0,(anonymous_4)
DA:13,0
DA:14,0
DA:15,0
DA:16,0
DA:19,0
DA:20,0
DA:21,0
DA:22,0
DA:23,0
DA:24,0
DA:26,0
DA:28,0
DA:32,0
DA:34,0
DA:46,0
LF:15
LH:0
BRDA:22,0,0,0
BRDA:22,0,1,0
BRDA:26,1,0,0
BRDA:26,1,1,0
BRDA:53,2,0,0
BRDA:53,2,1,0
BRDA:65,3,0,0
BRDA:65,3,1,0
BRF:8
BRH:0
end_of_record
TN:
SF:src/components/ChannelPermissionsEditor.tsx
FN:23,ChannelPermissionsEditor
FN:24,(anonymous_1)
FN:34,(anonymous_2)
FN:38,loadData
FN:50,(anonymous_4)
FN:73,cyclePerm
FN:74,(anonymous_6)
FN:83,handleSave
FN:100,(anonymous_8)
FN:103,(anonymous_9)
FN:103,(anonymous_10)
FN:112,(anonymous_11)
FN:113,(anonymous_12)
FN:129,(anonymous_13)
FN:134,(anonymous_14)
FN:142,(anonymous_15)
FN:143,(anonymous_16)
FN:148,(anonymous_17)
FN:171,(anonymous_18)
FN:179,(anonymous_19)
FN:191,(anonymous_20)
FNF:21
FNH:0
FNDA:0,ChannelPermissionsEditor
FNDA:0,(anonymous_1)
FNDA:0,(anonymous_2)
FNDA:0,loadData
FNDA:0,(anonymous_4)
FNDA:0,cyclePerm
FNDA:0,(anonymous_6)
FNDA:0,handleSave
FNDA:0,(anonymous_8)
FNDA:0,(anonymous_9)
FNDA:0,(anonymous_10)
FNDA:0,(anonymous_11)
FNDA:0,(anonymous_12)
FNDA:0,(anonymous_13)
FNDA:0,(anonymous_14)
FNDA:0,(anonymous_15)
FNDA:0,(anonymous_16)
FNDA:0,(anonymous_17)
FNDA:0,(anonymous_18)
FNDA:0,(anonymous_19)
FNDA:0,(anonymous_20)
DA:5,0
DA:24,0
DA:25,0
DA:26,0
DA:27,0
DA:28,0
DA:29,0
DA:32,0
DA:34,0
DA:35,0
DA:39,0
DA:40,0
DA:44,0
DA:45,0
DA:48,0
DA:49,0
DA:50,0
DA:51,0
DA:52,0
DA:53,0
DA:54,0
DA:55,0
DA:56,0
DA:57,0
DA:58,0
DA:59,0
DA:61,0
DA:64,0
DA:66,0
DA:67,0
DA:69,0
DA:74,0
DA:75,0
DA:76,0
DA:77,0
DA:78,0
DA:79,0
DA:84,0
DA:85,0
DA:87,0
DA:88,0
DA:89,0
DA:90,0
DA:91,0
DA:92,0
DA:95,0
DA:96,0
DA:97,0
DA:99,0
DA:100,0
DA:101,0
DA:102,0
DA:103,0
DA:106,0
DA:112,0
DA:113,0
DA:114,0
DA:115,0
DA:116,0
DA:117,0
DA:119,0
DA:123,0
DA:125,0
DA:129,0
DA:130,0
DA:132,0
DA:134,0
DA:143,0
DA:144,0
DA:148,0
DA:172,0
DA:173,0
DA:179,0
DA:191,0
LF:74
LH:0
BRDA:50,0,0,0
BRDA:50,0,1,0
BRDA:54,1,0,0
BRDA:54,1,1,0
BRDA:57,2,0,0
BRDA:57,2,1,0
BRDA:57,3,0,0
BRDA:57,3,1,0
BRDA:67,4,0,0
BRDA:67,4,1,0
BRDA:67,5,0,0
BRDA:67,5,1,0
BRDA:69,6,0,0
BRDA:69,6,1,0
BRDA:76,7,0,0
BRDA:76,7,1,0
BRDA:77,8,0,0
BRDA:77,8,1,0
BRDA:77,9,0,0
BRDA:77,9,1,0
BRDA:85,10,0,0
BRDA:85,10,1,0
BRDA:91,11,0,0
BRDA:91,11,1,0
BRDA:91,12,0,0
BRDA:91,12,1,0
BRDA:99,13,0,0
BRDA:99,13,1,0
BRDA:99,14,0,0
BRDA:99,14,1,0
BRDA:100,15,0,0
BRDA:100,15,1,0
BRDA:101,16,0,0
BRDA:101,16,1,0
BRDA:113,17,0,0
BRDA:113,17,1,0
BRDA:114,18,0,0
BRDA:114,18,1,0
BRDA:123,19,0,0
BRDA:123,19,1,0
BRDA:130,20,0,0
BRDA:130,20,1,0
BRDA:143,21,0,0
BRDA:143,21,1,0
BRDA:147,22,0,0
BRDA:147,22,1,0
BRDA:150,23,0,0
BRDA:150,23,1,0
BRDA:154,24,0,0
BRDA:154,24,1,0
BRDA:161,25,0,0
BRDA:161,25,1,0
BRDA:163,26,0,0
BRDA:163,26,1,0
BRDA:163,27,0,0
BRDA:163,27,1,0
BRDA:172,28,0,0
BRDA:172,28,1,0
BRDA:181,29,0,0
BRDA:181,29,1,0
BRDA:181,30,0,0
BRDA:181,30,1,0
BRDA:194,31,0,0
BRDA:194,31,1,0
BRF:64
BRH:0
end_of_record
TN:
SF:src/components/ChannelSidebar.tsx
FN:21,(anonymous_0)
FN:45,ChannelSidebar
FN:46,(anonymous_2)
FN:58,DmView
FN:59,(anonymous_4)
FN:60,(anonymous_5)
FN:61,(anonymous_6)
FN:62,(anonymous_7)
FN:63,(anonymous_8)
FN:64,(anonymous_9)
FN:65,(anonymous_10)
FN:66,(anonymous_11)
FN:67,(anonymous_12)
FN:68,(anonymous_13)
FN:69,(anonymous_14)
FN:70,(anonymous_15)
FN:78,(anonymous_16)
FN:81,(anonymous_17)
FN:91,(anonymous_18)
FN:96,(anonymous_19)
FN:99,(anonymous_20)
FN:100,(anonymous_21)
FN:104,handleStartDm
FN:125,(anonymous_23)
FN:126,(anonymous_24)
FN:138,(anonymous_25)
FN:148,(anonymous_26)
FN:158,(anonymous_27)
FN:176,(anonymous_28)
FN:180,(anonymous_29)
FN:198,(anonymous_30)
FN:206,(anonymous_31)
FN:215,(anonymous_32)
FN:241,(anonymous_33)
FN:259,(anonymous_34)
FN:270,(anonymous_35)
FN:278,SortableChannelItem
FN:313,ChannelItemContent
FN:314,(anonymous_38)
FN:315,(anonymous_39)
FN:316,(anonymous_40)
FN:323,(anonymous_41)
FN:358,SortableCategorySection
FN:418,(anonymous_43)
FN:419,(anonymous_44)
FN:424,(anonymous_45)
FN:430,(anonymous_46)
FN:437,(anonymous_47)
FN:444,(anonymous_48)
FN:445,(anonymous_49)
FN:451,(anonymous_50)
FN:457,(anonymous_51)
FN:475,(anonymous_52)
FN:487,(anonymous_53)
FN:495,(anonymous_54)
FN:496,(anonymous_55)
FN:502,(anonymous_56)
FN:524,DroppableZone
FN:538,ServerView
FN:539,(anonymous_59)
FN:540,(anonymous_60)
FN:541,(anonymous_61)
FN:542,(anonymous_62)
FN:543,(anonymous_63)
FN:544,(anonymous_64)
FN:545,(anonymous_65)
FN:546,(anonymous_66)
FN:547,(anonymous_67)
FN:566,(anonymous_68)
FN:568,(anonymous_69)
FN:573,(anonymous_70)
FN:575,(anonymous_71)
FN:587,(anonymous_72)
FN:604,(anonymous_73)
FN:606,(anonymous_74)
FN:617,(anonymous_75)
FN:620,(anonymous_76)
FN:627,(anonymous_77)
FN:630,(anonymous_78)
FN:630,(anonymous_79)
FN:631,(anonymous_80)
FN:636,toggleCollapse
FN:637,(anonymous_82)
FN:645,handleRename
FN:655,handleDelete
FN:666,handleRenameCategory
FN:675,handleDeleteCategory
FN:682,handleCreateCategory
FN:695,handleContextMenu
FN:703,handleCategoryContextMenu
FN:711,handleServerContextMenu
FN:720,(anonymous_91)
FN:722,(anonymous_92)
FN:724,(anonymous_93)
FN:734,findContainer
FN:742,(anonymous_95)
FN:748,buildOrderMap
FN:750,(anonymous_97)
FN:752,(anonymous_98)
FN:757,handleDragStart
FN:764,handleDragOver
FN:789,(anonymous_101)
FN:816,handleDragEnd
FN:831,(anonymous_103)
FN:838,(anonymous_104)
FN:870,(anonymous_105)
FN:893,(anonymous_106)
FN:896,(anonymous_107)
FN:904,(anonymous_108)
FN:913,(anonymous_109)
FN:933,(anonymous_110)
FN:943,(anonymous_111)
FN:951,(anonymous_112)
FN:952,(anonymous_113)
FN:958,(anonymous_114)
FN:977,(anonymous_115)
FN:988,(anonymous_116)
FN:1025,(anonymous_117)
FN:1026,(anonymous_118)
FN:1035,(anonymous_119)
FN:1044,(anonymous_120)
FN:1061,(anonymous_121)
FN:1062,(anonymous_122)
FN:1069,(anonymous_123)
FN:1070,(anonymous_124)
FN:1079,(anonymous_125)
FN:1088,(anonymous_126)
FN:1105,(anonymous_127)
FN:1113,(anonymous_128)
FN:1125,(anonymous_129)
FN:1126,(anonymous_130)
FN:1133,(anonymous_131)
FN:1134,(anonymous_132)
FN:1141,(anonymous_133)
FN:1154,(anonymous_134)
FN:1165,(anonymous_135)
FN:1169,(anonymous_136)
FN:1180,(anonymous_137)
FN:1184,(anonymous_138)
FN:1192,(anonymous_139)
FN:1201,(anonymous_140)
FNF:141
FNH:0
FNDA:0,(anonymous_0)
FNDA:0,ChannelSidebar
FNDA:0,(anonymous_2)
FNDA:0,DmView
FNDA:0,(anonymous_4)
FNDA:0,(anonymous_5)
FNDA:0,(anonymous_6)
FNDA:0,(anonymous_7)
FNDA:0,(anonymous_8)
FNDA:0,(anonymous_9)
FNDA:0,(anonymous_10)
FNDA:0,(anonymous_11)
FNDA:0,(anonymous_12)
FNDA:0,(anonymous_13)
FNDA:0,(anonymous_14)
FNDA:0,(anonymous_15)
FNDA:0,(anonymous_16)
FNDA:0,(anonymous_17)
FNDA:0,(anonymous_18)
FNDA:0,(anonymous_19)
FNDA:0,(anonymous_20)
FNDA:0,(anonymous_21)
FNDA:0,handleStartDm
FNDA:0,(anonymous_23)
FNDA:0,(anonymous_24)
FNDA:0,(anonymous_25)
FNDA:0,(anonymous_26)
FNDA:0,(anonymous_27)
FNDA:0,(anonymous_28)
FNDA:0,(anonymous_29)
FNDA:0,(anonymous_30)
FNDA:0,(anonymous_31)
FNDA:0,(anonymous_32)
FNDA:0,(anonymous_33)
FNDA:0,(anonymous_34)
FNDA:0,(anonymous_35)
FNDA:0,SortableChannelItem
FNDA:0,ChannelItemContent
FNDA:0,(anonymous_38)
FNDA:0,(anonymous_39)
FNDA:0,(anonymous_40)
FNDA:0,(anonymous_41)
FNDA:0,SortableCategorySection
FNDA:0,(anonymous_43)
FNDA:0,(anonymous_44)
FNDA:0,(anonymous_45)
FNDA:0,(anonymous_46)
FNDA:0,(anonymous_47)
FNDA:0,(anonymous_48)
FNDA:0,(anonymous_49)
FNDA:0,(anonymous_50)
FNDA:0,(anonymous_51)
FNDA:0,(anonymous_52)
FNDA:0,(anonymous_53)
FNDA:0,(anonymous_54)
FNDA:0,(anonymous_55)
FNDA:0,(anonymous_56)
FNDA:0,DroppableZone
FNDA:0,ServerView
FNDA:0,(anonymous_59)
FNDA:0,(anonymous_60)
FNDA:0,(anonymous_61)
FNDA:0,(anonymous_62)
FNDA:0,(anonymous_63)
FNDA:0,(anonymous_64)
FNDA:0,(anonymous_65)
FNDA:0,(anonymous_66)
FNDA:0,(anonymous_67)
FNDA:0,(anonymous_68)
FNDA:0,(anonymous_69)
FNDA:0,(anonymous_70)
FNDA:0,(anonymous_71)
FNDA:0,(anonymous_72)
FNDA:0,(anonymous_73)
FNDA:0,(anonymous_74)
FNDA:0,(anonymous_75)
FNDA:0,(anonymous_76)
FNDA:0,(anonymous_77)
FNDA:0,(anonymous_78)
FNDA:0,(anonymous_79)
FNDA:0,(anonymous_80)
FNDA:0,toggleCollapse
FNDA:0,(anonymous_82)
FNDA:0,handleRename
FNDA:0,handleDelete
FNDA:0,handleRenameCategory
FNDA:0,handleDeleteCategory
FNDA:0,handleCreateCategory
FNDA:0,handleContextMenu
FNDA:0,handleCategoryContextMenu
FNDA:0,handleServerContextMenu
FNDA:0,(anonymous_91)
FNDA:0,(anonymous_92)
FNDA:0,(anonymous_93)
FNDA:0,findContainer
FNDA:0,(anonymous_95)
FNDA:0,buildOrderMap
FNDA:0,(anonymous_97)
FNDA:0,(anonymous_98)
FNDA:0,handleDragStart
FNDA:0,handleDragOver
FNDA:0,(anonymous_101)
FNDA:0,handleDragEnd
FNDA:0,(anonymous_103)
FNDA:0,(anonymous_104)
FNDA:0,(anonymous_105)
FNDA:0,(anonymous_106)
FNDA:0,(anonymous_107)
FNDA:0,(anonymous_108)
FNDA:0,(anonymous_109)
FNDA:0,(anonymous_110)
FNDA:0,(anonymous_111)
FNDA:0,(anonymous_112)
FNDA:0,(anonymous_113)
FNDA:0,(anonymous_114)
FNDA:0,(anonymous_115)
FNDA:0,(anonymous_116)
FNDA:0,(anonymous_117)
FNDA:0,(anonymous_118)
FNDA:0,(anonymous_119)
FNDA:0,(anonymous_120)
FNDA:0,(anonymous_121)
FNDA:0,(anonymous_122)
FNDA:0,(anonymous_123)
FNDA:0,(anonymous_124)
FNDA:0,(anonymous_125)
FNDA:0,(anonymous_126)
FNDA:0,(anonymous_127)
FNDA:0,(anonymous_128)
FNDA:0,(anonymous_129)
FNDA:0,(anonymous_130)
FNDA:0,(anonymous_131)
FNDA:0,(anonymous_132)
FNDA:0,(anonymous_133)
FNDA:0,(anonymous_134)
FNDA:0,(anonymous_135)
FNDA:0,(anonymous_136)
FNDA:0,(anonymous_137)
FNDA:0,(anonymous_138)
FNDA:0,(anonymous_139)
FNDA:0,(anonymous_140)
DA:21,0
DA:46,0
DA:48,0
DA:59,0
DA:60,0
DA:61,0
DA:62,0
DA:63,0
DA:64,0
DA:65,0
DA:66,0
DA:67,0
DA:68,0
DA:69,0
DA:70,0
DA:72,0
DA:73,0
DA:74,0
DA:75,0
DA:77,0
DA:78,0
DA:80,0
DA:82,0
DA:85,0
DA:88,0
DA:91,0
DA:92,0
DA:96,0
DA:97,0
DA:98,0
DA:99,0
DA:100,0
DA:101,0
DA:105,0
DA:106,0
DA:107,0
DA:108,0
DA:109,0
DA:110,0
DA:112,0
DA:116,0
DA:125,0
DA:127,0
DA:128,0
DA:129,0
DA:131,0
DA:133,0
DA:134,0
DA:139,0
DA:140,0
DA:148,0
DA:158,0
DA:177,0
DA:180,0
DA:198,0
DA:207,0
DA:208,0
DA:209,0
DA:210,0
DA:211,0
DA:215,0
DA:233,0
DA:234,0
DA:235,0
DA:236,0
DA:237,0
DA:241,0
DA:259,0
DA:270,0
DA:292,0
DA:298,0
DA:304,0
DA:314,0
DA:315,0
DA:316,0
DA:318,0
DA:319,0
DA:320,0
DA:321,0
DA:323,0
DA:324,0
DA:325,0
DA:326,0
DA:327,0
DA:330,0
DA:334,0
DA:406,0
DA:412,0
DA:418,0
DA:419,0
DA:422,0
DA:425,0
DA:430,0
DA:432,0
DA:437,0
DA:444,0
DA:446,0
DA:447,0
DA:451,0
DA:457,0
DA:475,0
DA:488,0
DA:489,0
DA:495,0
DA:497,0
DA:498,0
DA:502,0
DA:507,0
DA:525,0
DA:529,0
DA:539,0
DA:540,0
DA:541,0
DA:542,0
DA:543,0
DA:544,0
DA:545,0
DA:546,0
DA:547,0
DA:549,0
DA:550,0
DA:551,0
DA:552,0
DA:553,0
DA:554,0
DA:555,0
DA:556,0
DA:557,0
DA:558,0
DA:559,0
DA:560,0
DA:561,0
DA:562,0
DA:563,0
DA:564,0
DA:566,0
DA:567,0
DA:568,0
DA:569,0
DA:570,0
DA:573,0
DA:574,0
DA:575,0
DA:576,0
DA:579,0
DA:580,0
DA:583,0
DA:587,0
DA:588,0
DA:589,0
DA:591,0
DA:592,0
DA:595,0
DA:596,0
DA:597,0
DA:599,0
DA:604,0
DA:605,0
DA:606,0
DA:609,0
DA:613,0
DA:616,0
DA:618,0
DA:619,0
DA:620,0
DA:626,0
DA:628,0
DA:629,0
DA:630,0
DA:631,0
DA:637,0
DA:638,0
DA:639,0
DA:640,0
DA:641,0
DA:646,0
DA:647,0
DA:648,0
DA:649,0
DA:650,0
DA:651,0
DA:656,0
DA:657,0
DA:658,0
DA:659,0
DA:660,0
DA:661,0
DA:667,0
DA:668,0
DA:669,0
DA:670,0
DA:671,0
DA:676,0
DA:677,0
DA:678,0
DA:683,0
DA:684,0
DA:685,0
DA:689,0
DA:690,0
DA:691,0
DA:696,0
DA:697,0
DA:698,0
DA:699,0
DA:700,0
DA:704,0
DA:705,0
DA:706,0
DA:707,0
DA:708,0
DA:712,0
DA:713,0
DA:714,0
DA:715,0
DA:716,0
DA:720,0
DA:721,0
DA:722,0
DA:723,0
DA:724,0
DA:729,0
DA:736,0
DA:737,0
DA:738,0
DA:742,0
DA:743,0
DA:744,0
DA:749,0
DA:750,0
DA:751,0
DA:752,0
DA:754,0
DA:758,0
DA:759,0
DA:761,0
DA:765,0
DA:766,0
DA:768,0
DA:769,0
DA:772,0
DA:773,0
DA:775,0
DA:776,0
DA:779,0
DA:780,0
DA:781,0
DA:783,0
DA:786,0
DA:789,0
DA:790,0
DA:791,0
DA:792,0
DA:794,0
DA:795,0
DA:798,0
DA:801,0
DA:802,0
DA:803,0
DA:805,0
DA:808,0
DA:817,0
DA:818,0
DA:820,0
DA:821,0
DA:822,0
DA:825,0
DA:826,0
DA:827,0
DA:830,0
DA:831,0
DA:832,0
DA:833,0
DA:834,0
DA:835,0
DA:836,0
DA:837,0
DA:838,0
DA:843,0
DA:845,0
DA:848,0
DA:849,0
DA:853,0
DA:854,0
DA:856,0
DA:857,0
DA:858,0
DA:859,0
DA:862,0
DA:863,0
DA:868,0
DA:869,0
DA:870,0
DA:871,0
DA:879,0
DA:880,0
DA:881,0
DA:882,0
DA:884,0
DA:888,0
DA:893,0
DA:894,0
DA:895,0
DA:896,0
DA:899,0
DA:904,0
DA:915,0
DA:916,0
DA:933,0
DA:944,0
DA:945,0
DA:951,0
DA:953,0
DA:954,0
DA:958,0
DA:963,0
DA:978,0
DA:979,0
DA:980,0
DA:988,0
DA:1026,0
DA:1027,0
DA:1028,0
DA:1029,0
DA:1036,0
DA:1037,0
DA:1045,0
DA:1046,0
DA:1062,0
DA:1063,0
DA:1070,0
DA:1071,0
DA:1072,0
DA:1073,0
DA:1080,0
DA:1081,0
DA:1089,0
DA:1090,0
DA:1106,0
DA:1107,0
DA:1114,0
DA:1115,0
DA:1125,0
DA:1126,0
DA:1133,0
DA:1135,0
DA:1136,0
DA:1141,0
DA:1154,0
DA:1166,0
DA:1167,0
DA:1169,0
DA:1181,0
DA:1182,0
DA:1184,0
DA:1192,0
DA:1201,0
LF:357
LH:0
BRDA:50,0,0,0
BRDA:50,0,1,0
BRDA:78,1,0,0
BRDA:78,1,1,0
BRDA:78,1,2,0
BRDA:80,2,0,0
BRDA:80,2,1,0
BRDA:82,3,0,0
BRDA:82,3,1,0
BRDA:83,4,0,0
BRDA:83,4,1,0
BRDA:84,5,0,0
BRDA:84,5,1,0
BRDA:97,6,0,0
BRDA:97,6,1,0
BRDA:97,7,0,0
BRDA:97,7,1,0
BRDA:101,8,0,0
BRDA:101,8,1,0
BRDA:105,9,0,0
BRDA:105,9,1,0
BRDA:112,10,0,0
BRDA:112,10,1,0
BRDA:119,11,0,0
BRDA:119,11,1,0
BRDA:127,12,0,0
BRDA:127,12,1,0
BRDA:131,13,0,0
BRDA:131,13,1,0
BRDA:131,14,0,0
BRDA:131,14,1,0
BRDA:133,15,0,0
BRDA:133,15,1,0
BRDA:139,16,0,0
BRDA:139,16,1,0
BRDA:157,17,0,0
BRDA:157,17,1,0
BRDA:167,18,0,0
BRDA:167,18,1,0
BRDA:174,19,0,0
BRDA:174,19,1,0
BRDA:179,20,0,0
BRDA:179,20,1,0
BRDA:183,21,0,0
BRDA:183,21,1,0
BRDA:186,22,0,0
BRDA:186,22,1,0
BRDA:207,23,0,0
BRDA:207,23,1,0
BRDA:208,24,0,0
BRDA:208,24,1,0
BRDA:210,25,0,0
BRDA:210,25,1,0
BRDA:214,26,0,0
BRDA:214,26,1,0
BRDA:214,27,0,0
BRDA:214,27,1,0
BRDA:224,28,0,0
BRDA:224,28,1,0
BRDA:228,29,0,0
BRDA:228,29,1,0
BRDA:233,30,0,0
BRDA:233,30,1,0
BRDA:234,31,0,0
BRDA:234,31,1,0
BRDA:234,32,0,0
BRDA:234,32,1,0
BRDA:235,33,0,0
BRDA:235,33,1,0
BRDA:236,34,0,0
BRDA:236,34,1,0
BRDA:240,35,0,0
BRDA:240,35,1,0
BRDA:240,36,0,0
BRDA:240,36,1,0
BRDA:244,37,0,0
BRDA:244,37,1,0
BRDA:245,38,0,0
BRDA:245,38,1,0
BRDA:248,39,0,0
BRDA:248,39,1,0
BRDA:250,40,0,0
BRDA:250,40,1,0
BRDA:255,41,0,0
BRDA:255,41,1,0
BRDA:255,41,2,0
BRDA:266,42,0,0
BRDA:266,42,1,0
BRDA:269,43,0,0
BRDA:269,43,1,0
BRDA:295,44,0,0
BRDA:295,44,1,0
BRDA:301,45,0,0
BRDA:301,45,1,0
BRDA:319,46,0,0
BRDA:319,46,1,0
BRDA:324,47,0,0
BRDA:324,47,1,0
BRDA:326,48,0,0
BRDA:326,48,1,0
BRDA:337,49,0,0
BRDA:337,49,1,0
BRDA:337,50,0,0
BRDA:337,50,1,0
BRDA:337,51,0,0
BRDA:337,51,1,0
BRDA:337,52,0,0
BRDA:337,52,1,0
BRDA:338,53,0,0
BRDA:338,53,1,0
BRDA:340,54,0,0
BRDA:340,54,1,0
BRDA:341,55,0,0
BRDA:341,55,1,0
BRDA:349,56,0,0
BRDA:349,56,1,0
BRDA:351,57,0,0
BRDA:351,57,1,0
BRDA:351,57,2,0
BRDA:415,58,0,0
BRDA:415,58,1,0
BRDA:422,59,0,0
BRDA:422,59,1,0
BRDA:425,60,0,0
BRDA:425,60,1,0
BRDA:426,61,0,0
BRDA:426,61,1,0
BRDA:439,62,0,0
BRDA:439,62,1,0
BRDA:446,63,0,0
BRDA:446,63,1,0
BRDA:447,64,0,0
BRDA:447,64,1,0
BRDA:466,65,0,0
BRDA:466,65,1,0
BRDA:472,66,0,0
BRDA:472,66,1,0
BRDA:487,67,0,0
BRDA:487,67,1,0
BRDA:488,68,0,0
BRDA:488,68,1,0
BRDA:497,69,0,0
BRDA:497,69,1,0
BRDA:498,70,0,0
BRDA:498,70,1,0
BRDA:530,71,0,0
BRDA:530,71,1,0
BRDA:541,72,0,0
BRDA:541,72,1,0
BRDA:567,73,0,0
BRDA:567,73,1,0
BRDA:574,74,0,0
BRDA:574,74,1,0
BRDA:575,75,0,0
BRDA:575,75,1,0
BRDA:576,76,0,0
BRDA:576,76,1,0
BRDA:580,77,0,0
BRDA:580,77,1,0
BRDA:580,77,2,0
BRDA:580,77,3,0
BRDA:583,78,0,0
BRDA:583,78,1,0
BRDA:596,79,0,0
BRDA:596,79,1,0
BRDA:596,80,0,0
BRDA:596,80,1,0
BRDA:618,81,0,0
BRDA:618,81,1,0
BRDA:618,82,0,0
BRDA:618,82,1,0
BRDA:619,83,0,0
BRDA:619,83,1,0
BRDA:619,84,0,0
BRDA:619,84,1,0
BRDA:639,85,0,0
BRDA:639,85,1,0
BRDA:646,86,0,0
BRDA:646,86,1,0
BRDA:660,87,0,0
BRDA:660,87,1,0
BRDA:667,88,0,0
BRDA:667,88,1,0
BRDA:683,89,0,0
BRDA:683,89,1,0
BRDA:696,90,0,0
BRDA:696,90,1,0
BRDA:704,91,0,0
BRDA:704,91,1,0
BRDA:712,92,0,0
BRDA:712,92,1,0
BRDA:721,93,0,0
BRDA:721,93,1,0
BRDA:721,94,0,0
BRDA:721,94,1,0
BRDA:721,94,2,0
BRDA:736,95,0,0
BRDA:736,95,1,0
BRDA:738,96,0,0
BRDA:738,96,1,0
BRDA:743,97,0,0
BRDA:743,97,1,0
BRDA:744,98,0,0
BRDA:744,98,1,0
BRDA:752,99,0,0
BRDA:752,99,1,0
BRDA:766,100,0,0
BRDA:766,100,1,0
BRDA:773,101,0,0
BRDA:773,101,1,0
BRDA:780,102,0,0
BRDA:780,102,1,0
BRDA:786,103,0,0
BRDA:786,103,1,0
BRDA:786,104,0,0
BRDA:786,104,1,0
BRDA:786,104,2,0
BRDA:790,105,0,0
BRDA:790,105,1,0
BRDA:791,106,0,0
BRDA:791,106,1,0
BRDA:792,107,0,0
BRDA:792,107,1,0
BRDA:795,108,0,0
BRDA:795,108,1,0
BRDA:802,109,0,0
BRDA:802,109,1,0
BRDA:820,110,0,0
BRDA:820,110,1,0
BRDA:830,111,0,0
BRDA:830,111,1,0
BRDA:834,112,0,0
BRDA:834,112,1,0
BRDA:834,113,0,0
BRDA:834,113,1,0
BRDA:834,113,2,0
BRDA:853,114,0,0
BRDA:853,114,1,0
BRDA:856,115,0,0
BRDA:856,115,1,0
BRDA:857,116,0,0
BRDA:857,116,1,0
BRDA:862,117,0,0
BRDA:862,117,1,0
BRDA:862,118,0,0
BRDA:862,118,1,0
BRDA:862,118,2,0
BRDA:874,119,0,0
BRDA:874,119,1,0
BRDA:879,120,0,0
BRDA:879,120,1,0
BRDA:895,121,0,0
BRDA:895,121,1,0
BRDA:915,122,0,0
BRDA:915,122,1,0
BRDA:926,123,0,0
BRDA:926,123,1,0
BRDA:926,123,2,0
BRDA:930,124,0,0
BRDA:930,124,1,0
BRDA:944,125,0,0
BRDA:944,125,1,0
BRDA:953,126,0,0
BRDA:953,126,1,0
BRDA:954,127,0,0
BRDA:954,127,1,0
BRDA:967,128,0,0
BRDA:967,128,1,0
BRDA:967,128,2,0
BRDA:1009,129,0,0
BRDA:1009,129,1,0
BRDA:1019,130,0,0
BRDA:1019,130,1,0
BRDA:1027,131,0,0
BRDA:1027,131,1,0
BRDA:1055,132,0,0
BRDA:1055,132,1,0
BRDA:1071,133,0,0
BRDA:1071,133,1,0
BRDA:1099,134,0,0
BRDA:1099,134,1,0
BRDA:1124,135,0,0
BRDA:1124,135,1,0
BRDA:1135,136,0,0
BRDA:1135,136,1,0
BRDA:1136,137,0,0
BRDA:1136,137,1,0
BRDA:1149,138,0,0
BRDA:1149,138,1,0
BRDA:1159,139,0,0
BRDA:1159,139,1,0
BRDA:1174,140,0,0
BRDA:1174,140,1,0
BRDA:1188,141,0,0
BRDA:1188,141,1,0
BRDA:1188,141,2,0
BRDA:1197,142,0,0
BRDA:1197,142,1,0
BRF:298
BRH:0
end_of_record
TN:
SF:src/components/ConfirmDialog.tsx
FN:11,ConfirmDialog
FN:22,(anonymous_1)
FNF:2
FNH:0
FNDA:0,ConfirmDialog
FNDA:0,(anonymous_1)
DA:20,0
DA:22,0
LF:2
LH:0
BRDA:14,0,0,0
BRDA:15,1,0,0
BRDA:16,2,0,0
BRDA:31,3,0,0
BRDA:31,3,1,0
BRF:5
BRH:0
end_of_record
TN:
SF:src/components/CreateChannelModal.tsx
FN:12,CreateChannelModal
FN:13,(anonymous_1)
FN:14,(anonymous_2)
FN:22,formatName
FN:29,handleCreate
FN:52,(anonymous_5)
FN:76,(anonymous_6)
FN:98,(anonymous_7)
FN:124,(anonymous_8)
FN:125,(anonymous_9)
FNF:10
FNH:0
FNDA:0,CreateChannelModal
FNDA:0,(anonymous_1)
FNDA:0,(anonymous_2)
FNDA:0,formatName
FNDA:0,handleCreate
FNDA:0,(anonymous_5)
FNDA:0,(anonymous_6)
FNDA:0,(anonymous_7)
FNDA:0,(anonymous_8)
FNDA:0,(anonymous_9)
DA:13,0
DA:14,0
DA:16,0
DA:17,0
DA:18,0
DA:19,0
DA:23,0
DA:30,0
DA:31,0
DA:32,0
DA:33,0
DA:34,0
DA:35,0
DA:36,0
DA:41,0
DA:42,0
DA:44,0
DA:46,0
DA:50,0
DA:52,0
DA:76,0
DA:98,0
DA:124,0
DA:125,0
LF:24
LH:0
BRDA:31,0,0,0
BRDA:31,0,1,0
BRDA:39,1,0,0
BRDA:39,1,1,0
BRDA:44,2,0,0
BRDA:44,2,1,0
BRDA:55,3,0,0
BRDA:55,3,1,0
BRDA:69,4,0,0
BRDA:69,4,1,0
BRDA:91,5,0,0
BRDA:91,5,1,0
BRDA:117,6,0,0
BRDA:117,6,1,0
BRDA:125,7,0,0
BRDA:125,7,1,0
BRDA:131,8,0,0
BRDA:131,8,1,0
BRDA:139,9,0,0
BRDA:139,9,1,0
BRDA:141,10,0,0
BRDA:141,10,1,0
BRF:22
BRH:0
end_of_record
TN:
SF:src/components/CreateGroupDm.tsx
FN:13,CreateGroupDm
FN:14,(anonymous_1)
FN:15,(anonymous_2)
FN:16,(anonymous_3)
FN:17,(anonymous_4)
FN:18,(anonymous_5)
FN:27,(anonymous_6)
FN:31,(anonymous_7)
FN:32,handleEsc
FN:36,(anonymous_9)
FN:39,(anonymous_10)
FN:43,(anonymous_11)
FN:52,toggleFriend
FN:53,(anonymous_13)
FN:67,removeFriend
FN:68,(anonymous_15)
FN:76,getDisplayName
FN:77,(anonymous_17)
FN:81,handleCreate
FN:91,(anonymous_19)
FN:122,(anonymous_20)
FN:123,(anonymous_21)
FN:148,(anonymous_22)
FN:169,(anonymous_23)
FN:172,(anonymous_24)
FN:185,(anonymous_25)
FN:186,(anonymous_26)
FN:204,(anonymous_27)
FN:227,(anonymous_28)
FN:247,(anonymous_29)
FNF:30
FNH:0
FNDA:0,CreateGroupDm
FNDA:0,(anonymous_1)
FNDA:0,(anonymous_2)
FNDA:0,(anonymous_3)
FNDA:0,(anonymous_4)
FNDA:0,(anonymous_5)
FNDA:0,(anonymous_6)
FNDA:0,(anonymous_7)
FNDA:0,handleEsc
FNDA:0,(anonymous_9)
FNDA:0,(anonymous_10)
FNDA:0,(anonymous_11)
FNDA:0,toggleFriend
FNDA:0,(anonymous_13)
FNDA:0,removeFriend
FNDA:0,(anonymous_15)
FNDA:0,getDisplayName
FNDA:0,(anonymous_17)
FNDA:0,handleCreate
FNDA:0,(anonymous_19)
FNDA:0,(anonymous_20)
FNDA:0,(anonymous_21)
FNDA:0,(anonymous_22)
FNDA:0,(anonymous_23)
FNDA:0,(anonymous_24)
FNDA:0,(anonymous_25)
FNDA:0,(anonymous_26)
FNDA:0,(anonymous_27)
FNDA:0,(anonymous_28)
FNDA:0,(anonymous_29)
DA:11,0
DA:14,0
DA:15,0
DA:16,0
DA:17,0
DA:18,0
DA:20,0
DA:21,0
DA:22,0
DA:23,0
DA:24,0
DA:25,0
DA:27,0
DA:28,0
DA:31,0
DA:33,0
DA:35,0
DA:36,0
DA:39,0
DA:40,0
DA:42,0
DA:44,0
DA:45,0
DA:53,0
DA:54,0
DA:55,0
DA:56,0
DA:58,0
DA:59,0
DA:61,0
DA:63,0
DA:64,0
DA:68,0
DA:69,0
DA:70,0
DA:71,0
DA:73,0
DA:77,0
DA:78,0
DA:82,0
DA:84,0
DA:85,0
DA:87,0
DA:88,0
DA:90,0
DA:91,0
DA:92,0
DA:93,0
DA:94,0
DA:97,0
DA:98,0
DA:101,0
DA:102,0
DA:103,0
DA:107,0
DA:114,0
DA:119,0
DA:120,0
DA:122,0
DA:123,0
DA:124,0
DA:131,0
DA:134,0
DA:136,0
DA:140,0
DA:141,0
DA:147,0
DA:148,0
DA:170,0
DA:172,0
DA:185,0
DA:187,0
DA:189,0
DA:190,0
DA:205,0
DA:206,0
DA:207,0
DA:227,0
DA:247,0
LF:79
LH:0
BRDA:33,0,0,0
BRDA:33,0,1,0
BRDA:42,1,0,0
BRDA:42,1,1,0
BRDA:46,2,0,0
BRDA:46,2,1,0
BRDA:46,2,2,0
BRDA:55,3,0,0
BRDA:55,3,1,0
BRDA:58,4,0,0
BRDA:58,4,1,0
BRDA:78,5,0,0
BRDA:78,5,1,0
BRDA:78,5,2,0
BRDA:82,6,0,0
BRDA:82,6,1,0
BRDA:82,7,0,0
BRDA:82,7,1,0
BRDA:88,8,0,0
BRDA:88,8,1,0
BRDA:92,9,0,0
BRDA:92,9,1,0
BRDA:99,10,0,0
BRDA:99,10,1,0
BRDA:102,11,0,0
BRDA:102,11,1,0
BRDA:103,12,0,0
BRDA:103,12,1,0
BRDA:109,13,0,0
BRDA:109,13,1,0
BRDA:120,14,0,0
BRDA:120,14,1,0
BRDA:125,15,0,0
BRDA:125,15,1,0
BRDA:127,16,0,0
BRDA:127,16,1,0
BRDA:134,17,0,0
BRDA:134,17,1,0
BRDA:141,18,0,0
BRDA:141,18,1,0
BRDA:143,19,0,0
BRDA:143,19,1,0
BRDA:148,20,0,0
BRDA:148,20,1,0
BRDA:154,21,0,0
BRDA:154,21,1,0
BRDA:155,22,0,0
BRDA:155,22,1,0
BRDA:183,23,0,0
BRDA:183,23,1,0
BRDA:187,24,0,0
BRDA:187,24,1,0
BRDA:187,25,0,0
BRDA:187,25,1,0
BRDA:187,25,2,0
BRDA:190,26,0,0
BRDA:190,26,1,0
BRDA:199,27,0,0
BRDA:199,27,1,0
BRDA:201,28,0,0
BRDA:201,28,1,0
BRDA:206,29,0,0
BRDA:206,29,1,0
BRDA:210,30,0,0
BRDA:210,30,1,0
BRDA:214,31,0,0
BRDA:214,31,1,0
BRDA:219,32,0,0
BRDA:219,32,1,0
BRDA:237,33,0,0
BRDA:237,33,1,0
BRDA:254,34,0,0
BRDA:254,34,1,0
BRDA:262,35,0,0
BRDA:262,35,1,0
BRF:75
BRH:0
end_of_record
TN:
SF:src/components/CustomStatusModal.tsx
FN:12,CustomStatusModal
FN:13,(anonymous_1)
FN:14,(anonymous_2)
FN:23,(anonymous_3)
FN:27,(anonymous_4)
FN:28,handleClick
FN:35,(anonymous_6)
FN:39,handleSave
FN:61,handleClear
FN:82,(anonymous_9)
FN:89,(anonymous_10)
FN:97,(anonymous_11)
FN:101,(anonymous_12)
FN:112,(anonymous_13)
FN:113,(anonymous_14)
FNF:15
FNH:0
FNDA:0,CustomStatusModal
FNDA:0,(anonymous_1)
FNDA:0,(anonymous_2)
FNDA:0,(anonymous_3)
FNDA:0,(anonymous_4)
FNDA:0,handleClick
FNDA:0,(anonymous_6)
FNDA:0,handleSave
FNDA:0,handleClear
FNDA:0,(anonymous_9)
FNDA:0,(anonymous_10)
FNDA:0,(anonymous_11)
FNDA:0,(anonymous_12)
FNDA:0,(anonymous_13)
FNDA:0,(anonymous_14)
DA:13,0
DA:14,0
DA:15,0
DA:16,0
DA:17,0
DA:18,0
DA:19,0
DA:20,0
DA:21,0
DA:23,0
DA:24,0
DA:27,0
DA:29,0
DA:30,0
DA:33,0
DA:34,0
DA:35,0
DA:40,0
DA:41,0
DA:42,0
DA:43,0
DA:44,0
DA:45,0
DA:50,0
DA:51,0
DA:53,0
DA:55,0
DA:57,0
DA:62,0
DA:63,0
DA:64,0
DA:65,0
DA:69,0
DA:70,0
DA:72,0
DA:74,0
DA:76,0
DA:80,0
DA:82,0
DA:89,0
DA:98,0
DA:99,0
DA:101,0
DA:112,0
DA:113,0
LF:45
LH:0
BRDA:15,0,0,0
BRDA:15,0,1,0
BRDA:16,1,0,0
BRDA:16,1,1,0
BRDA:29,2,0,0
BRDA:29,2,1,0
BRDA:29,3,0,0
BRDA:29,3,1,0
BRDA:33,4,0,0
BRDA:33,4,1,0
BRDA:43,5,0,0
BRDA:43,5,1,0
BRDA:44,6,0,0
BRDA:44,6,1,0
BRDA:50,7,0,0
BRDA:50,7,1,0
BRDA:55,8,0,0
BRDA:55,8,1,0
BRDA:69,9,0,0
BRDA:69,9,1,0
BRDA:74,10,0,0
BRDA:74,10,1,0
BRDA:92,11,0,0
BRDA:92,11,1,0
BRDA:94,12,0,0
BRDA:94,12,1,0
BRDA:113,13,0,0
BRDA:113,13,1,0
BRDA:122,14,0,0
BRDA:122,14,1,0
BRDA:125,15,0,0
BRDA:125,15,1,0
BRDA:125,15,2,0
BRDA:140,16,0,0
BRDA:140,16,1,0
BRF:35
BRH:0
end_of_record
TN:
SF:src/components/DmMemberSidebar.tsx
FN:6,(anonymous_0)
FN:18,DmMemberSidebar
FN:19,(anonymous_2)
FN:20,(anonymous_3)
FN:21,(anonymous_4)
FN:22,(anonymous_5)
FN:34,(anonymous_6)
FN:36,(anonymous_7)
FN:39,(anonymous_8)
FN:41,(anonymous_9)
FN:42,(anonymous_10)
FN:45,(anonymous_11)
FN:55,(anonymous_12)
FN:64,(anonymous_13)
FN:65,(anonymous_14)
FN:67,(anonymous_15)
FN:71,(anonymous_16)
FN:73,(anonymous_17)
FN:74,(anonymous_18)
FN:82,handleAddMember
FN:105,(anonymous_20)
FN:122,(anonymous_21)
FN:132,(anonymous_22)
FN:133,(anonymous_23)
FN:148,(anonymous_24)
FN:158,(anonymous_25)
FN:180,(anonymous_26)
FN:192,(anonymous_27)
FN:203,(anonymous_28)
FN:204,(anonymous_29)
FNF:30
FNH:0
FNDA:0,(anonymous_0)
FNDA:0,DmMemberSidebar
FNDA:0,(anonymous_2)
FNDA:0,(anonymous_3)
FNDA:0,(anonymous_4)
FNDA:0,(anonymous_5)
FNDA:0,(anonymous_6)
FNDA:0,(anonymous_7)
FNDA:0,(anonymous_8)
FNDA:0,(anonymous_9)
FNDA:0,(anonymous_10)
FNDA:0,(anonymous_11)
FNDA:0,(anonymous_12)
FNDA:0,(anonymous_13)
FNDA:0,(anonymous_14)
FNDA:0,(anonymous_15)
FNDA:0,(anonymous_16)
FNDA:0,(anonymous_17)
FNDA:0,(anonymous_18)
FNDA:0,handleAddMember
FNDA:0,(anonymous_20)
FNDA:0,(anonymous_21)
FNDA:0,(anonymous_22)
FNDA:0,(anonymous_23)
FNDA:0,(anonymous_24)
FNDA:0,(anonymous_25)
FNDA:0,(anonymous_26)
FNDA:0,(anonymous_27)
FNDA:0,(anonymous_28)
FNDA:0,(anonymous_29)
DA:6,0
DA:16,0
DA:19,0
DA:20,0
DA:21,0
DA:22,0
DA:24,0
DA:25,0
DA:29,0
DA:30,0
DA:31,0
DA:32,0
DA:34,0
DA:35,0
DA:36,0
DA:37,0
DA:38,0
DA:39,0
DA:40,0
DA:42,0
DA:45,0
DA:46,0
DA:47,0
DA:53,0
DA:55,0
DA:56,0
DA:57,0
DA:58,0
DA:59,0
DA:64,0
DA:65,0
DA:67,0
DA:68,0
DA:71,0
DA:72,0
DA:73,0
DA:75,0
DA:76,0
DA:77,0
DA:80,0
DA:83,0
DA:84,0
DA:85,0
DA:87,0
DA:88,0
DA:89,0
DA:90,0
DA:92,0
DA:96,0
DA:105,0
DA:122,0
DA:133,0
DA:149,0
DA:150,0
DA:151,0
DA:152,0
DA:154,0
DA:158,0
DA:180,0
DA:192,0
DA:203,0
DA:204,0
LF:62
LH:0
BRDA:37,0,0,0
BRDA:37,0,1,0
BRDA:40,1,0,0
BRDA:40,1,1,0
BRDA:68,2,0,0
BRDA:68,2,1,0
BRDA:73,3,0,0
BRDA:73,3,1,0
BRDA:75,4,0,0
BRDA:75,4,1,0
BRDA:77,5,0,0
BRDA:77,5,1,0
BRDA:77,5,2,0
BRDA:92,6,0,0
BRDA:92,6,1,0
BRDA:102,7,0,0
BRDA:102,7,1,0
BRDA:102,7,2,0
BRDA:115,8,0,0
BRDA:115,8,1,0
BRDA:125,9,0,0
BRDA:125,9,1,0
BRDA:127,10,0,0
BRDA:127,10,1,0
BRDA:129,11,0,0
BRDA:129,11,1,0
BRDA:136,12,0,0
BRDA:136,12,1,0
BRDA:139,13,0,0
BRDA:139,13,1,0
BRDA:149,14,0,0
BRDA:149,14,1,0
BRDA:150,15,0,0
BRDA:150,15,1,0
BRDA:151,16,0,0
BRDA:151,16,1,0
BRDA:157,17,0,0
BRDA:157,17,1,0
BRDA:178,18,0,0
BRDA:178,18,1,0
BRDA:187,19,0,0
BRDA:187,19,1,0
BRDA:197,20,0,0
BRDA:197,20,1,0
BRF:44
BRH:0
end_of_record
TN:
SF:src/components/DmRequestBanner.tsx
FN:4,DmRequestBanner
FN:5,(anonymous_1)
FN:6,(anonymous_2)
FN:7,(anonymous_3)
FN:9,handleAccept
FN:14,handleDecline
FNF:6
FNH:0
FNDA:0,DmRequestBanner
FNDA:0,(anonymous_1)
FNDA:0,(anonymous_2)
FNDA:0,(anonymous_3)
FNDA:0,handleAccept
FNDA:0,handleDecline
DA:5,0
DA:6,0
DA:7,0
DA:10,0
DA:11,0
DA:15,0
DA:16,0
DA:19,0
LF:8
LH:0
BRF:0
BRH:0
end_of_record
TN:
SF:src/components/EditMemberRolesModal.tsx
FN:14,EditMemberRolesModal
FN:15,(anonymous_1)
FN:22,(anonymous_2)
FN:26,loadRolesAndMember
FN:32,(anonymous_4)
FN:33,(anonymous_5)
FN:41,toggleRole
FN:47,(anonymous_7)
FN:54,(anonymous_8)
FN:61,(anonymous_9)
FN:69,(anonymous_10)
FN:81,(anonymous_11)
FN:86,(anonymous_12)
FNF:13
FNH:0
FNDA:0,EditMemberRolesModal
FNDA:0,(anonymous_1)
FNDA:0,(anonymous_2)
FNDA:0,loadRolesAndMember
FNDA:0,(anonymous_4)
FNDA:0,(anonymous_5)
FNDA:0,toggleRole
FNDA:0,(anonymous_7)
FNDA:0,(anonymous_8)
FNDA:0,(anonymous_9)
FNDA:0,(anonymous_10)
FNDA:0,(anonymous_11)
FNDA:0,(anonymous_12)
DA:15,0
DA:16,0
DA:17,0
DA:18,0
DA:19,0
DA:20,0
DA:22,0
DA:23,0
DA:27,0
DA:28,0
DA:32,0
DA:33,0
DA:35,0
DA:37,0
DA:42,0
DA:43,0
DA:44,0
DA:45,0
DA:46,0
DA:47,0
DA:48,0
DA:49,0
DA:50,0
DA:53,0
DA:54,0
DA:57,0
DA:58,0
DA:59,0
DA:60,0
DA:61,0
DA:63,0
DA:67,0
DA:69,0
DA:82,0
DA:86,0
LF:35
LH:0
BRDA:33,0,0,0
BRDA:33,0,1,0
BRDA:35,1,0,0
BRDA:35,1,1,0
BRDA:45,2,0,0
BRDA:45,2,1,0
BRDA:63,3,0,0
BRDA:63,3,1,0
BRDA:73,4,0,0
BRDA:73,4,1,0
BRDA:75,5,0,0
BRDA:75,5,1,0
BRDA:77,6,0,0
BRDA:77,6,1,0
BRDA:88,7,0,0
BRDA:88,7,1,0
BRDA:92,8,0,0
BRDA:92,8,1,0
BRF:18
BRH:0
end_of_record
TN:
SF:src/components/EmojiPicker.tsx
FN:3,(anonymous_0)
FN:5,(anonymous_1)
FN:6,(anonymous_2)
FN:19,EmojiPicker
FN:22,(anonymous_4)
FN:23,handleClick
FN:29,(anonymous_6)
FN:32,(anonymous_7)
FN:33,handleKey
FN:37,(anonymous_9)
FN:44,(anonymous_10)
FNF:11
FNH:0
FNDA:0,(anonymous_0)
FNDA:0,(anonymous_1)
FNDA:0,(anonymous_2)
FNDA:0,EmojiPicker
FNDA:0,(anonymous_4)
FNDA:0,handleClick
FNDA:0,(anonymous_6)
FNDA:0,(anonymous_7)
FNDA:0,handleKey
FNDA:0,(anonymous_9)
FNDA:0,(anonymous_10)
DA:3,0
DA:4,0
DA:5,0
DA:7,0
DA:8,0
DA:20,0
DA:22,0
DA:24,0
DA:25,0
DA:28,0
DA:29,0
DA:32,0
DA:34,0
DA:36,0
DA:37,0
DA:40,0
DA:45,0
DA:46,0
DA:61,0
LF:19
LH:0
BRDA:24,0,0,0
BRDA:24,0,1,0
BRDA:24,1,0,0
BRDA:24,1,1,0
BRDA:34,2,0,0
BRDA:34,2,1,0
BRF:6
BRH:0
end_of_record
TN:
SF:src/components/ErrorModal.tsx
FN:7,ErrorModal
FN:10,(anonymous_1)
FNF:2
FNH:0
FNDA:0,ErrorModal
FNDA:0,(anonymous_1)
DA:8,0
DA:10,0
LF:2
LH:0
BRDA:7,0,0,0
BRF:1
BRH:0
end_of_record
TN:
SF:src/components/FriendsList.tsx
FN:10,FriendsList
FN:11,(anonymous_1)
FN:12,(anonymous_2)
FN:13,(anonymous_3)
FN:14,(anonymous_4)
FN:15,(anonymous_5)
FN:16,(anonymous_6)
FN:17,(anonymous_7)
FN:18,(anonymous_8)
FN:19,(anonymous_9)
FN:20,(anonymous_10)
FN:28,(anonymous_11)
FN:33,(anonymous_12)
FN:34,(anonymous_13)
FN:36,(anonymous_14)
FN:40,(anonymous_15)
FN:41,(anonymous_16)
FN:42,(anonymous_17)
FN:47,handleAdd
FN:64,getFilteredFriends
FN:80,(anonymous_20)
FN:90,(anonymous_21)
FN:93,(anonymous_22)
FN:96,(anonymous_23)
FN:99,(anonymous_24)
FN:115,(anonymous_25)
FN:116,(anonymous_26)
FN:151,(anonymous_27)
FN:159,(anonymous_28)
FN:160,(anonymous_29)
FN:161,(anonymous_30)
FN:177,(anonymous_31)
FN:181,(anonymous_32)
FN:188,FriendRow
FN:201,(anonymous_34)
FN:243,(anonymous_35)
FN:243,(anonymous_36)
FNF:37
FNH:0
FNDA:0,FriendsList
FNDA:0,(anonymous_1)
FNDA:0,(anonymous_2)
FNDA:0,(anonymous_3)
FNDA:0,(anonymous_4)
FNDA:0,(anonymous_5)
FNDA:0,(anonymous_6)
FNDA:0,(anonymous_7)
FNDA:0,(anonymous_8)
FNDA:0,(anonymous_9)
FNDA:0,(anonymous_10)
FNDA:0,(anonymous_11)
FNDA:0,(anonymous_12)
FNDA:0,(anonymous_13)
FNDA:0,(anonymous_14)
FNDA:0,(anonymous_15)
FNDA:0,(anonymous_16)
FNDA:0,(anonymous_17)
FNDA:0,handleAdd
FNDA:0,getFilteredFriends
FNDA:0,(anonymous_20)
FNDA:0,(anonymous_21)
FNDA:0,(anonymous_22)
FNDA:0,(anonymous_23)
FNDA:0,(anonymous_24)
FNDA:0,(anonymous_25)
FNDA:0,(anonymous_26)
FNDA:0,(anonymous_27)
FNDA:0,(anonymous_28)
FNDA:0,(anonymous_29)
FNDA:0,(anonymous_30)
FNDA:0,(anonymous_31)
FNDA:0,(anonymous_32)
FNDA:0,FriendRow
FNDA:0,(anonymous_34)
FNDA:0,(anonymous_35)
FNDA:0,(anonymous_36)
DA:11,0
DA:12,0
DA:13,0
DA:14,0
DA:15,0
DA:16,0
DA:17,0
DA:18,0
DA:19,0
DA:20,0
DA:22,0
DA:23,0
DA:24,0
DA:25,0
DA:26,0
DA:28,0
DA:29,0
DA:33,0
DA:34,0
DA:35,0
DA:36,0
DA:40,0
DA:41,0
DA:42,0
DA:43,0
DA:44,0
DA:48,0
DA:49,0
DA:50,0
DA:51,0
DA:52,0
DA:53,0
DA:54,0
DA:56,0
DA:58,0
DA:60,0
DA:65,0
DA:67,0
DA:69,0
DA:71,0
DA:73,0
DA:75,0
DA:79,0
DA:80,0
DA:82,0
DA:90,0
DA:93,0
DA:96,0
DA:99,0
DA:115,0
DA:116,0
DA:152,0
DA:153,0
DA:154,0
DA:159,0
DA:160,0
DA:161,0
DA:178,0
DA:179,0
DA:181,0
DA:201,0
DA:202,0
DA:204,0
DA:243,0
LF:64
LH:0
BRDA:35,0,0,0
BRDA:35,0,1,0
BRDA:43,1,0,0
BRDA:43,1,1,0
BRDA:44,2,0,0
BRDA:44,2,1,0
BRDA:48,3,0,0
BRDA:48,3,1,0
BRDA:53,4,0,0
BRDA:53,4,1,0
BRDA:60,5,0,0
BRDA:60,5,1,0
BRDA:65,6,0,0
BRDA:65,6,1,0
BRDA:65,6,2,0
BRDA:65,6,3,0
BRDA:65,6,4,0
BRDA:90,7,0,0
BRDA:90,7,1,0
BRDA:93,8,0,0
BRDA:93,8,1,0
BRDA:96,9,0,0
BRDA:96,9,1,0
BRDA:97,10,0,0
BRDA:97,10,1,0
BRDA:99,11,0,0
BRDA:99,11,1,0
BRDA:116,12,0,0
BRDA:116,12,1,0
BRDA:122,13,0,0
BRDA:122,13,1,0
BRDA:123,14,0,0
BRDA:123,14,1,0
BRDA:130,15,0,0
BRDA:130,15,1,0
BRDA:131,16,0,0
BRDA:131,16,1,0
BRDA:132,17,0,0
BRDA:132,17,1,0
BRDA:133,18,0,0
BRDA:133,18,1,0
BRDA:136,19,0,0
BRDA:136,19,1,0
BRDA:138,20,0,0
BRDA:138,20,1,0
BRDA:138,20,2,0
BRDA:138,20,3,0
BRDA:140,21,0,0
BRDA:140,21,1,0
BRDA:141,22,0,0
BRDA:141,22,1,0
BRDA:142,23,0,0
BRDA:142,23,1,0
BRDA:146,24,0,0
BRDA:146,24,1,0
BRDA:146,24,2,0
BRDA:152,25,0,0
BRDA:152,25,1,0
BRDA:153,26,0,0
BRDA:153,26,1,0
BRDA:163,27,0,0
BRDA:163,27,1,0
BRDA:171,28,0,0
BRDA:171,28,1,0
BRDA:202,29,0,0
BRDA:202,29,1,0
BRDA:209,30,0,0
BRDA:209,30,1,0
BRDA:214,31,0,0
BRDA:214,31,1,0
BRDA:215,32,0,0
BRDA:215,32,1,0
BRDA:218,33,0,0
BRDA:218,33,1,0
BRDA:225,34,0,0
BRDA:225,34,1,0
BRDA:225,34,2,0
BRDA:239,35,0,0
BRDA:239,35,1,0
BRDA:257,36,0,0
BRDA:257,36,1,0
BRDA:257,36,2,0
BRF:82
BRH:0
end_of_record
TN:
SF:src/components/FullProfileCard.tsx
FN:16,FullProfileCard
FN:17,(anonymous_1)
FN:18,(anonymous_2)
FN:19,(anonymous_3)
FN:20,(anonymous_4)
FN:30,(anonymous_5)
FN:33,(anonymous_6)
FN:37,(anonymous_7)
FN:40,(anonymous_8)
FN:43,(anonymous_9)
FN:44,handleEsc
FN:48,(anonymous_11)
FN:51,(anonymous_12)
FN:67,(anonymous_13)
FN:78,(anonymous_14)
FN:95,(anonymous_15)
FN:106,(anonymous_16)
FN:116,(anonymous_17)
FN:132,(anonymous_18)
FN:194,(anonymous_19)
FN:194,(anonymous_20)
FN:239,(anonymous_21)
FN:267,(anonymous_22)
FN:305,(anonymous_23)
FN:309,(anonymous_24)
FNF:25
FNH:0
FNDA:0,FullProfileCard
FNDA:0,(anonymous_1)
FNDA:0,(anonymous_2)
FNDA:0,(anonymous_3)
FNDA:0,(anonymous_4)
FNDA:0,(anonymous_5)
FNDA:0,(anonymous_6)
FNDA:0,(anonymous_7)
FNDA:0,(anonymous_8)
FNDA:0,(anonymous_9)
FNDA:0,handleEsc
FNDA:0,(anonymous_11)
FNDA:0,(anonymous_12)
FNDA:0,(anonymous_13)
FNDA:0,(anonymous_14)
FNDA:0,(anonymous_15)
FNDA:0,(anonymous_16)
FNDA:0,(anonymous_17)
FNDA:0,(anonymous_18)
FNDA:0,(anonymous_19)
FNDA:0,(anonymous_20)
FNDA:0,(anonymous_21)
FNDA:0,(anonymous_22)
FNDA:0,(anonymous_23)
FNDA:0,(anonymous_24)
DA:17,0
DA:18,0
DA:19,0
DA:20,0
DA:22,0
DA:23,0
DA:24,0
DA:25,0
DA:27,0
DA:28,0
DA:30,0
DA:31,0
DA:32,0
DA:33,0
DA:34,0
DA:35,0
DA:36,0
DA:38,0
DA:40,0
DA:43,0
DA:45,0
DA:47,0
DA:48,0
DA:51,0
DA:52,0
DA:53,0
DA:54,0
DA:55,0
DA:56,0
DA:57,0
DA:58,0
DA:59,0
DA:60,0
DA:63,0
DA:67,0
DA:68,0
DA:69,0
DA:70,0
DA:71,0
DA:72,0
DA:74,0
DA:78,0
DA:79,0
DA:80,0
DA:81,0
DA:82,0
DA:83,0
DA:84,0
DA:86,0
DA:87,0
DA:89,0
DA:91,0
DA:95,0
DA:96,0
DA:97,0
DA:98,0
DA:99,0
DA:103,0
DA:104,0
DA:106,0
DA:113,0
DA:114,0
DA:116,0
DA:123,0
DA:124,0
DA:130,0
DA:132,0
DA:194,0
DA:195,0
DA:239,0
DA:268,0
DA:306,0
DA:307,0
DA:309,0
LF:74
LH:0
BRDA:19,0,0,0
BRDA:19,0,1,0
BRDA:28,1,0,0
BRDA:28,1,1,0
BRDA:34,2,0,0
BRDA:34,2,1,0
BRDA:38,3,0,0
BRDA:38,3,1,0
BRDA:45,4,0,0
BRDA:45,4,1,0
BRDA:52,5,0,0
BRDA:52,5,1,0
BRDA:55,6,0,0
BRDA:55,6,1,0
BRDA:55,7,0,0
BRDA:55,7,1,0
BRDA:58,8,0,0
BRDA:58,8,1,0
BRDA:58,9,0,0
BRDA:58,9,1,0
BRDA:68,10,0,0
BRDA:68,10,1,0
BRDA:79,11,0,0
BRDA:79,11,1,0
BRDA:82,12,0,0
BRDA:82,12,1,0
BRDA:96,13,0,0
BRDA:96,13,1,0
BRDA:103,14,0,0
BRDA:103,14,1,0
BRDA:113,15,0,0
BRDA:113,15,1,0
BRDA:123,16,0,0
BRDA:123,16,1,0
BRDA:161,17,0,0
BRDA:161,17,1,0
BRDA:163,18,0,0
BRDA:163,18,1,0
BRDA:176,19,0,0
BRDA:176,19,1,0
BRDA:190,20,0,0
BRDA:190,20,1,0
BRDA:190,20,2,0
BRDA:198,21,0,0
BRDA:198,21,1,0
BRDA:208,22,0,0
BRDA:208,22,1,0
BRDA:213,23,0,0
BRDA:213,23,1,0
BRDA:213,23,2,0
BRDA:222,24,0,0
BRDA:222,24,1,0
BRDA:227,25,0,0
BRDA:227,25,1,0
BRDA:236,26,0,0
BRDA:236,26,1,0
BRDA:236,26,2,0
BRDA:250,27,0,0
BRDA:250,27,1,0
BRDA:259,28,0,0
BRDA:259,28,1,0
BRDA:259,29,0,0
BRDA:259,29,1,0
BRDA:261,30,0,0
BRDA:261,30,1,0
BRDA:264,31,0,0
BRDA:264,31,1,0
BRDA:271,32,0,0
BRDA:271,32,1,0
BRDA:275,33,0,0
BRDA:275,33,1,0
BRDA:283,34,0,0
BRDA:283,34,1,0
BRDA:286,35,0,0
BRDA:286,35,1,0
BRDA:299,36,0,0
BRDA:299,36,1,0
BRDA:299,36,2,0
BRF:78
BRH:0
end_of_record
TN:
SF:src/components/ImageLightbox.tsx
FN:9,ImageLightbox
FN:11,(anonymous_1)
FN:17,(anonymous_2)
FN:19,(anonymous_3)
FN:24,(anonymous_4)
FNF:5
FNH:0
FNDA:0,ImageLightbox
FNDA:0,(anonymous_1)
FNDA:0,(anonymous_2)
FNDA:0,(anonymous_3)
FNDA:0,(anonymous_4)
DA:10,0
DA:12,0
DA:17,0
DA:18,0
DA:19,0
DA:22,0
DA:24,0
LF:7
LH:0
BRDA:12,0,0,0
BRDA:12,0,1,0
BRF:2
BRH:0
end_of_record
TN:
SF:src/components/LinkPreviewCard.tsx
FN:5,detectEmbedType
FN:21,LinkPreviewCard
FNF:2
FNH:0
FNDA:0,detectEmbedType
FNDA:0,LinkPreviewCard
DA:7,0
DA:10,0
DA:13,0
DA:16,0
DA:18,0
DA:22,0
DA:24,0
DA:25,0
DA:40,0
DA:41,0
DA:56,0
DA:58,0
LF:12
LH:0
BRDA:10,0,0,0
BRDA:10,0,1,0
BRDA:16,1,0,0
BRDA:16,1,1,0
BRDA:24,2,0,0
BRDA:24,2,1,0
BRDA:24,3,0,0
BRDA:24,3,1,0
BRDA:40,4,0,0
BRDA:40,4,1,0
BRDA:40,5,0,0
BRDA:40,5,1,0
BRDA:40,5,2,0
BRDA:46,6,0,0
BRDA:46,6,1,0
BRDA:65,7,0,0
BRDA:65,7,1,0
BRDA:74,8,0,0
BRDA:74,8,1,0
BRDA:77,9,0,0
BRDA:77,9,1,0
BRDA:80,10,0,0
BRDA:80,10,1,0
BRF:23
BRH:0
end_of_record
TN:
SF:src/components/LinkWarningModal.tsx
FN:7,LinkWarningModal
FN:10,(anonymous_1)
FNF:2
FNH:0
FNDA:0,LinkWarningModal
FNDA:0,(anonymous_1)
DA:8,0
DA:10,0
LF:2
LH:0
BRF:0
BRH:0
end_of_record
TN:
SF:src/components/MemberSidebar.tsx
FN:5,(anonymous_0)
FN:12,MemberSidebar
FN:13,(anonymous_2)
FN:14,(anonymous_3)
FN:15,(anonymous_4)
FN:16,(anonymous_5)
FN:17,(anonymous_6)
FN:17,(anonymous_7)
FN:32,(anonymous_8)
FN:34,(anonymous_9)
FN:37,(anonymous_10)
FN:39,(anonymous_11)
FN:40,(anonymous_12)
FN:44,(anonymous_13)
FN:66,(anonymous_14)
FN:74,(anonymous_15)
FN:94,(anonymous_16)
FN:97,(anonymous_17)
FN:104,(anonymous_18)
FN:107,(anonymous_19)
FN:114,(anonymous_20)
FN:115,(anonymous_21)
FN:133,(anonymous_22)
FN:143,(anonymous_23)
FN:144,(anonymous_24)
FN:147,(anonymous_25)
FN:148,(anonymous_26)
FN:160,(anonymous_27)
FN:169,(anonymous_28)
FN:170,(anonymous_29)
FN:172,(anonymous_30)
FN:180,MemberItem
FN:201,(anonymous_32)
FN:202,(anonymous_33)
FNF:34
FNH:0
FNDA:0,(anonymous_0)
FNDA:0,MemberSidebar
FNDA:0,(anonymous_2)
FNDA:0,(anonymous_3)
FNDA:0,(anonymous_4)
FNDA:0,(anonymous_5)
FNDA:0,(anonymous_6)
FNDA:0,(anonymous_7)
FNDA:0,(anonymous_8)
FNDA:0,(anonymous_9)
FNDA:0,(anonymous_10)
FNDA:0,(anonymous_11)
FNDA:0,(anonymous_12)
FNDA:0,(anonymous_13)
FNDA:0,(anonymous_14)
FNDA:0,(anonymous_15)
FNDA:0,(anonymous_16)
FNDA:0,(anonymous_17)
FNDA:0,(anonymous_18)
FNDA:0,(anonymous_19)
FNDA:0,(anonymous_20)
FNDA:0,(anonymous_21)
FNDA:0,(anonymous_22)
FNDA:0,(anonymous_23)
FNDA:0,(anonymous_24)
FNDA:0,(anonymous_25)
FNDA:0,(anonymous_26)
FNDA:0,(anonymous_27)
FNDA:0,(anonymous_28)
FNDA:0,(anonymous_29)
FNDA:0,(anonymous_30)
FNDA:0,MemberItem
FNDA:0,(anonymous_32)
FNDA:0,(anonymous_33)
DA:5,0
DA:13,0
DA:14,0
DA:15,0
DA:16,0
DA:17,0
DA:19,0
DA:20,0
DA:21,0
DA:25,0
DA:29,0
DA:30,0
DA:32,0
DA:33,0
DA:34,0
DA:35,0
DA:36,0
DA:37,0
DA:38,0
DA:40,0
DA:43,0
DA:45,0
DA:46,0
DA:47,0
DA:52,0
DA:53,0
DA:54,0
DA:55,0
DA:56,0
DA:57,0
DA:58,0
DA:59,0
DA:61,0
DA:62,0
DA:63,0
DA:64,0
DA:66,0
DA:67,0
DA:68,0
DA:74,0
DA:75,0
DA:76,0
DA:82,0
DA:94,0
DA:97,0
DA:105,0
DA:108,0
DA:114,0
DA:115,0
DA:133,0
DA:143,0
DA:145,0
DA:148,0
DA:149,0
DA:150,0
DA:160,0
DA:169,0
DA:172,0
DA:195,0
DA:196,0
DA:197,0
DA:198,0
DA:200,0
DA:201,0
DA:202,0
DA:204,0
LF:66
LH:0
BRDA:16,0,0,0
BRDA:16,0,1,0
BRDA:35,1,0,0
BRDA:35,1,1,0
BRDA:38,2,0,0
BRDA:38,2,1,0
BRDA:43,3,0,0
BRDA:43,3,1,0
BRDA:46,4,0,0
BRDA:46,4,1,0
BRDA:46,4,2,0
BRDA:47,5,0,0
BRDA:47,5,1,0
BRDA:55,6,0,0
BRDA:55,6,1,0
BRDA:56,7,0,0
BRDA:56,7,1,0
BRDA:56,8,0,0
BRDA:56,8,1,0
BRDA:57,9,0,0
BRDA:57,9,1,0
BRDA:61,10,0,0
BRDA:61,10,1,0
BRDA:62,11,0,0
BRDA:62,11,1,0
BRDA:63,12,0,0
BRDA:63,12,1,0
BRDA:64,13,0,0
BRDA:64,13,1,0
BRDA:96,14,0,0
BRDA:96,14,1,0
BRDA:111,15,0,0
BRDA:111,15,1,0
BRDA:120,16,0,0
BRDA:120,16,1,0
BRDA:122,17,0,0
BRDA:122,17,1,0
BRDA:127,18,0,0
BRDA:127,18,1,0
BRDA:138,19,0,0
BRDA:138,19,1,0
BRDA:149,20,0,0
BRDA:149,20,1,0
BRDA:150,21,0,0
BRDA:150,21,1,0
BRDA:156,22,0,0
BRDA:156,22,1,0
BRDA:164,23,0,0
BRDA:164,23,1,0
BRDA:195,24,0,0
BRDA:195,24,1,0
BRDA:195,24,2,0
BRDA:198,25,0,0
BRDA:198,25,1,0
BRDA:201,26,0,0
BRDA:201,26,1,0
BRDA:201,26,2,0
BRDA:205,27,0,0
BRDA:205,27,1,0
BRDA:215,28,0,0
BRDA:215,28,1,0
BRDA:218,29,0,0
BRDA:218,29,1,0
BRDA:219,30,0,0
BRDA:219,30,1,0
BRDA:222,31,0,0
BRDA:222,31,1,0
BRF:67
BRH:0
end_of_record
TN:
SF:src/components/MentionList.tsx
FN:20,MentionList
FN:23,(anonymous_1)
FN:27,(anonymous_2)
FN:32,(anonymous_3)
FN:33,(anonymous_4)
FN:35,(anonymous_5)
FN:39,(anonymous_6)
FN:54,(anonymous_7)
FN:59,(anonymous_8)
FNF:9
FNH:0
FNDA:0,MentionList
FNDA:0,(anonymous_1)
FNDA:0,(anonymous_2)
FNDA:0,(anonymous_3)
FNDA:0,(anonymous_4)
FNDA:0,(anonymous_5)
FNDA:0,(anonymous_6)
FNDA:0,(anonymous_7)
FNDA:0,(anonymous_8)
DA:21,0
DA:23,0
DA:24,0
DA:27,0
DA:28,0
DA:29,0
DA:32,0
DA:34,0
DA:35,0
DA:36,0
DA:38,0
DA:39,0
DA:40,0
DA:42,0
DA:43,0
DA:44,0
DA:46,0
DA:50,0
DA:52,0
DA:55,0
DA:59,0
LF:21
LH:0
BRDA:29,0,0,0
BRDA:29,0,1,0
BRDA:34,1,0,0
BRDA:34,1,1,0
BRDA:38,2,0,0
BRDA:38,2,1,0
BRDA:42,3,0,0
BRDA:42,3,1,0
BRDA:42,4,0,0
BRDA:42,4,1,0
BRDA:50,5,0,0
BRDA:50,5,1,0
BRDA:58,6,0,0
BRDA:58,6,1,0
BRF:14
BRH:0
end_of_record
TN:
SF:src/components/MessageAttachments.tsx
FN:10,isImage
FN:14,isVideo
FN:18,MessageAttachments
FN:21,(anonymous_3)
FN:28,AttachmentItem
FN:38,(anonymous_5)
FN:45,fetchAndDecrypt
FN:108,(anonymous_7)
FN:115,(anonymous_8)
FN:164,formatFileSize
FNF:10
FNH:0
FNDA:0,isImage
FNDA:0,isVideo
FNDA:0,MessageAttachments
FNDA:0,(anonymous_3)
FNDA:0,AttachmentItem
FNDA:0,(anonymous_5)
FNDA:0,fetchAndDecrypt
FNDA:0,(anonymous_7)
FNDA:0,(anonymous_8)
FNDA:0,formatFileSize
DA:8,0
DA:11,0
DA:15,0
DA:19,0
DA:22,0
DA:29,0
DA:32,0
DA:33,0
DA:34,0
DA:36,0
DA:38,0
DA:40,0
DA:41,0
DA:46,0
DA:47,0
DA:48,0
DA:51,0
DA:52,0
DA:54,0
DA:55,0
DA:58,0
DA:59,0
DA:62,0
DA:63,0
DA:64,0
DA:66,0
DA:70,0
DA:71,0
DA:72,0
DA:73,0
DA:75,0
DA:76,0
DA:78,0
DA:82,0
DA:84,0
DA:88,0
DA:108,0
DA:115,0
DA:122,0
DA:123,0
DA:140,0
DA:165,0
DA:166,0
DA:167,0
LF:44
LH:0
BRDA:30,0,0,0
BRDA:30,0,1,0
BRDA:36,1,0,0
BRDA:36,1,1,0
BRDA:40,2,0,0
BRDA:40,2,1,0
BRDA:40,3,0,0
BRDA:40,3,1,0
BRDA:40,3,2,0
BRDA:46,4,0,0
BRDA:46,4,1,0
BRDA:82,5,0,0
BRDA:82,5,1,0
BRDA:84,6,0,0
BRDA:84,6,1,0
BRDA:84,7,0,0
BRDA:84,7,1,0
BRDA:91,8,0,0
BRDA:91,8,1,0
BRDA:91,8,2,0
BRDA:98,9,0,0
BRDA:98,9,1,0
BRDA:98,9,2,0
BRDA:101,10,0,0
BRDA:101,10,1,0
BRDA:102,11,0,0
BRDA:102,11,1,0
BRDA:111,12,0,0
BRDA:111,12,1,0
BRDA:111,12,2,0
BRDA:122,13,0,0
BRDA:122,13,1,0
BRDA:125,14,0,0
BRDA:125,14,1,0
BRDA:126,15,0,0
BRDA:126,15,1,0
BRDA:127,16,0,0
BRDA:127,16,1,0
BRDA:152,17,0,0
BRDA:152,17,1,0
BRDA:152,18,0,0
BRDA:152,18,1,0
BRDA:154,19,0,0
BRDA:154,19,1,0
BRDA:159,20,0,0
BRDA:159,20,1,0
BRDA:165,21,0,0
BRDA:165,21,1,0
BRDA:166,22,0,0
BRDA:166,22,1,0
BRF:50
BRH:0
end_of_record
TN:
SF:src/components/MessageBody.tsx
FN:33,MessageBody
FN:36,(anonymous_1)
FN:47,(anonymous_2)
FN:72,(anonymous_3)
FN:91,(anonymous_4)
FNF:5
FNH:0
FNDA:0,MessageBody
FNDA:0,(anonymous_1)
FNDA:0,(anonymous_2)
FNDA:0,(anonymous_3)
FNDA:0,(anonymous_4)
DA:13,0
DA:15,0
DA:34,0
DA:36,0
DA:37,0
DA:38,0
DA:39,0
DA:41,0
DA:44,0
DA:47,0
DA:48,0
DA:51,0
DA:52,0
DA:53,0
DA:57,0
DA:58,0
DA:59,0
DA:60,0
DA:62,0
DA:66,0
DA:67,0
DA:68,0
DA:72,0
DA:73,0
DA:74,0
DA:75,0
DA:79,0
DA:80,0
DA:91,0
DA:98,0
LF:30
LH:0
BRDA:37,0,0,0
BRDA:37,0,1,0
BRDA:37,1,0,0
BRDA:37,1,1,0
BRDA:51,2,0,0
BRDA:51,2,1,0
BRDA:58,3,0,0
BRDA:58,3,1,0
BRDA:58,4,0,0
BRDA:58,4,1,0
BRDA:62,5,0,0
BRDA:62,5,1,0
BRDA:73,6,0,0
BRDA:73,6,1,0
BRDA:79,7,0,0
BRDA:79,7,1,0
BRDA:87,8,0,0
BRDA:87,8,1,0
BRF:18
BRH:0
end_of_record
TN:
SF:src/components/MessageContextMenu.tsx
FN:18,MessageContextMenu
FN:28,(anonymous_1)
FN:29,(anonymous_2)
FN:30,(anonymous_3)
FN:31,(anonymous_4)
FN:32,(anonymous_5)
FN:40,(anonymous_6)
FN:41,handleClick
FN:46,handleKey
FN:49,handleScroll
FN:55,(anonymous_10)
FN:75,(anonymous_11)
FN:82,(anonymous_12)
FN:96,(anonymous_13)
FN:104,(anonymous_14)
FN:117,(anonymous_15)
FN:124,(anonymous_16)
FN:137,(anonymous_17)
FN:145,(anonymous_18)
FNF:19
FNH:0
FNDA:0,MessageContextMenu
FNDA:0,(anonymous_1)
FNDA:0,(anonymous_2)
FNDA:0,(anonymous_3)
FNDA:0,(anonymous_4)
FNDA:0,(anonymous_5)
FNDA:0,(anonymous_6)
FNDA:0,handleClick
FNDA:0,handleKey
FNDA:0,handleScroll
FNDA:0,(anonymous_10)
FNDA:0,(anonymous_11)
FNDA:0,(anonymous_12)
FNDA:0,(anonymous_13)
FNDA:0,(anonymous_14)
FNDA:0,(anonymous_15)
FNDA:0,(anonymous_16)
FNDA:0,(anonymous_17)
FNDA:0,(anonymous_18)
DA:28,0
DA:29,0
DA:30,0
DA:31,0
DA:32,0
DA:33,0
DA:34,0
DA:36,0
DA:37,0
DA:40,0
DA:42,0
DA:43,0
DA:47,0
DA:50,0
DA:52,0
DA:53,0
DA:54,0
DA:55,0
DA:56,0
DA:57,0
DA:58,0
DA:63,0
DA:70,0
DA:75,0
DA:83,0
DA:84,0
DA:96,0
DA:104,0
DA:117,0
DA:124,0
DA:137,0
DA:145,0
LF:32
LH:0
BRDA:42,0,0,0
BRDA:42,0,1,0
BRDA:42,1,0,0
BRDA:42,1,1,0
BRDA:47,2,0,0
BRDA:47,2,1,0
BRDA:89,3,0,0
BRDA:89,3,1,0
BRDA:92,4,0,0
BRDA:92,4,1,0
BRDA:111,5,0,0
BRDA:111,5,1,0
BRDA:130,6,0,0
BRDA:130,6,1,0
BRDA:133,7,0,0
BRDA:133,7,1,0
BRF:16
BRH:0
end_of_record
TN:
SF:src/components/MessageInput.tsx
FN:24,(anonymous_0)
FN:38,(anonymous_1)
FN:40,(anonymous_2)
FN:45,(anonymous_3)
FN:59,(anonymous_4)
FN:61,MessageInput
FN:66,(anonymous_6)
FN:67,(anonymous_7)
FN:68,(anonymous_8)
FN:69,(anonymous_9)
FN:70,(anonymous_10)
FN:71,(anonymous_11)
FN:72,(anonymous_12)
FN:73,(anonymous_13)
FN:74,(anonymous_14)
FN:75,(anonymous_15)
FN:76,(anonymous_16)
FN:77,(anonymous_17)
FN:78,(anonymous_18)
FN:79,(anonymous_19)
FN:82,(anonymous_20)
FN:104,(anonymous_21)
FN:113,(anonymous_22)
FN:118,(anonymous_23)
FN:126,(anonymous_24)
FN:138,(anonymous_25)
FN:146,(anonymous_26)
FN:174,(anonymous_27)
FN:179,(anonymous_28)
FN:191,(anonymous_29)
FN:239,(anonymous_30)
FN:241,(anonymous_31)
FN:252,(anonymous_32)
FN:255,handleEmojiSelect
FN:260,handleFileSelect
FN:264,handleFileChange
FN:274,(anonymous_36)
FN:305,(anonymous_37)
FN:316,(anonymous_38)
FN:348,(anonymous_39)
FN:379,(anonymous_40)
FN:389,(anonymous_41)
FN:401,(anonymous_42)
FN:409,(anonymous_43)
FN:417,(anonymous_44)
FN:425,(anonymous_45)
FN:433,(anonymous_46)
FN:441,(anonymous_47)
FN:449,(anonymous_48)
FN:463,useCustomEvent
FN:467,(anonymous_50)
FN:468,(anonymous_51)
FN:470,(anonymous_52)
FN:475,checkHasFormatting
FN:495,formatFileSize
FN:501,getFileIcon
FNF:56
FNH:0
FNDA:0,(anonymous_0)
FNDA:0,(anonymous_1)
FNDA:0,(anonymous_2)
FNDA:0,(anonymous_3)
FNDA:0,(anonymous_4)
FNDA:0,MessageInput
FNDA:0,(anonymous_6)
FNDA:0,(anonymous_7)
FNDA:0,(anonymous_8)
FNDA:0,(anonymous_9)
FNDA:0,(anonymous_10)
FNDA:0,(anonymous_11)
FNDA:0,(anonymous_12)
FNDA:0,(anonymous_13)
FNDA:0,(anonymous_14)
FNDA:0,(anonymous_15)
FNDA:0,(anonymous_16)
FNDA:0,(anonymous_17)
FNDA:0,(anonymous_18)
FNDA:0,(anonymous_19)
FNDA:0,(anonymous_20)
FNDA:0,(anonymous_21)
FNDA:0,(anonymous_22)
FNDA:0,(anonymous_23)
FNDA:0,(anonymous_24)
FNDA:0,(anonymous_25)
FNDA:0,(anonymous_26)
FNDA:0,(anonymous_27)
FNDA:0,(anonymous_28)
FNDA:0,(anonymous_29)
FNDA:0,(anonymous_30)
FNDA:0,(anonymous_31)
FNDA:0,(anonymous_32)
FNDA:0,handleEmojiSelect
FNDA:0,handleFileSelect
FNDA:0,handleFileChange
FNDA:0,(anonymous_36)
FNDA:0,(anonymous_37)
FNDA:0,(anonymous_38)
FNDA:0,(anonymous_39)
FNDA:0,(anonymous_40)
FNDA:0,(anonymous_41)
FNDA:0,(anonymous_42)
FNDA:0,(anonymous_43)
FNDA:0,(anonymous_44)
FNDA:0,(anonymous_45)
FNDA:0,(anonymous_46)
FNDA:0,(anonymous_47)
FNDA:0,(anonymous_48)
FNDA:0,useCustomEvent
FNDA:0,(anonymous_50)
FNDA:0,(anonymous_51)
FNDA:0,(anonymous_52)
FNDA:0,checkHasFormatting
FNDA:0,formatFileSize
FNDA:0,getFileIcon
DA:20,0
DA:23,0
DA:25,0
DA:35,0
DA:39,0
DA:42,0
DA:43,0
DA:46,0
DA:47,0
DA:58,0
DA:59,0
DA:62,0
DA:63,0
DA:64,0
DA:66,0
DA:67,0
DA:68,0
DA:69,0
DA:70,0
DA:71,0
DA:72,0
DA:73,0
DA:74,0
DA:75,0
DA:76,0
DA:77,0
DA:78,0
DA:79,0
DA:82,0
DA:85,0
DA:86,0
DA:88,0
DA:104,0
DA:113,0
DA:119,0
DA:120,0
DA:121,0
DA:122,0
DA:124,0
DA:127,0
DA:128,0
DA:129,0
DA:130,0
DA:132,0
DA:138,0
DA:139,0
DA:141,0
DA:145,0
DA:146,0
DA:147,0
DA:148,0
DA:149,0
DA:152,0
DA:153,0
DA:154,0
DA:155,0
DA:156,0
DA:158,0
DA:163,0
DA:164,0
DA:165,0
DA:166,0
DA:168,0
DA:174,0
DA:175,0
DA:176,0
DA:177,0
DA:178,0
DA:179,0
DA:180,0
DA:183,0
DA:184,0
DA:186,0
DA:188,0
DA:191,0
DA:192,0
DA:194,0
DA:195,0
DA:196,0
DA:198,0
DA:199,0
DA:201,0
DA:202,0
DA:203,0
DA:204,0
DA:207,0
DA:208,0
DA:209,0
DA:213,0
DA:216,0
DA:217,0
DA:218,0
DA:222,0
DA:228,0
DA:229,0
DA:231,0
DA:236,0
DA:239,0
DA:240,0
DA:241,0
DA:242,0
DA:243,0
DA:244,0
DA:245,0
DA:246,0
DA:247,0
DA:251,0
DA:252,0
DA:256,0
DA:257,0
DA:261,0
DA:265,0
DA:266,0
DA:267,0
DA:269,0
DA:273,0
DA:274,0
DA:276,0
DA:280,0
DA:306,0
DA:307,0
DA:317,0
DA:318,0
DA:348,0
DA:379,0
DA:389,0
DA:401,0
DA:409,0
DA:417,0
DA:425,0
DA:433,0
DA:441,0
DA:449,0
DA:464,0
DA:465,0
DA:467,0
DA:468,0
DA:469,0
DA:470,0
DA:476,0
DA:477,0
DA:479,0
DA:481,0
DA:484,0
DA:485,0
DA:486,0
DA:487,0
DA:488,0
DA:492,0
DA:496,0
DA:497,0
DA:498,0
DA:502,0
DA:503,0
DA:504,0
DA:505,0
DA:506,0
DA:507,0
LF:158
LH:0
BRDA:61,0,0,0
BRDA:119,1,0,0
BRDA:119,1,1,0
BRDA:120,2,0,0
BRDA:120,2,1,0
BRDA:127,3,0,0
BRDA:127,3,1,0
BRDA:128,4,0,0
BRDA:128,4,1,0
BRDA:139,5,0,0
BRDA:139,5,1,0
BRDA:147,6,0,0
BRDA:147,6,1,0
BRDA:152,7,0,0
BRDA:152,7,1,0
BRDA:152,8,0,0
BRDA:152,8,1,0
BRDA:155,9,0,0
BRDA:155,9,1,0
BRDA:163,10,0,0
BRDA:163,10,1,0
BRDA:163,11,0,0
BRDA:163,11,1,0
BRDA:165,12,0,0
BRDA:165,12,1,0
BRDA:175,13,0,0
BRDA:175,13,1,0
BRDA:175,14,0,0
BRDA:175,14,1,0
BRDA:177,15,0,0
BRDA:177,15,1,0
BRDA:178,16,0,0
BRDA:178,16,1,0
BRDA:180,17,0,0
BRDA:180,17,1,0
BRDA:183,18,0,0
BRDA:183,18,1,0
BRDA:183,19,0,0
BRDA:183,19,1,0
BRDA:192,20,0,0
BRDA:192,20,1,0
BRDA:192,21,0,0
BRDA:192,21,1,0
BRDA:196,22,0,0
BRDA:196,22,1,0
BRDA:196,23,0,0
BRDA:196,23,1,0
BRDA:201,24,0,0
BRDA:201,24,1,0
BRDA:204,25,0,0
BRDA:204,25,1,0
BRDA:218,26,0,0
BRDA:218,26,1,0
BRDA:224,27,0,0
BRDA:224,27,1,0
BRDA:229,28,0,0
BRDA:229,28,1,0
BRDA:240,29,0,0
BRDA:240,29,1,0
BRDA:240,30,0,0
BRDA:240,30,1,0
BRDA:242,31,0,0
BRDA:242,31,1,0
BRDA:243,32,0,0
BRDA:243,32,1,0
BRDA:246,33,0,0
BRDA:246,33,1,0
BRDA:256,34,0,0
BRDA:256,34,1,0
BRDA:266,35,0,0
BRDA:266,35,1,0
BRDA:266,36,0,0
BRDA:266,36,1,0
BRDA:273,37,0,0
BRDA:273,37,1,0
BRDA:273,38,0,0
BRDA:273,38,1,0
BRDA:274,39,0,0
BRDA:274,39,1,0
BRDA:276,40,0,0
BRDA:276,40,1,0
BRDA:277,41,0,0
BRDA:277,41,1,0
BRDA:282,42,0,0
BRDA:282,42,1,0
BRDA:288,43,0,0
BRDA:288,43,1,0
BRDA:299,44,0,0
BRDA:299,44,1,0
BRDA:314,45,0,0
BRDA:314,45,1,0
BRDA:320,46,0,0
BRDA:320,46,1,0
BRDA:333,47,0,0
BRDA:333,47,1,0
BRDA:337,48,0,0
BRDA:337,48,1,0
BRDA:342,49,0,0
BRDA:342,49,1,0
BRDA:386,50,0,0
BRDA:386,50,1,0
BRDA:393,51,0,0
BRDA:393,51,1,0
BRDA:402,52,0,0
BRDA:402,52,1,0
BRDA:410,53,0,0
BRDA:410,53,1,0
BRDA:418,54,0,0
BRDA:418,54,1,0
BRDA:426,55,0,0
BRDA:426,55,1,0
BRDA:434,56,0,0
BRDA:434,56,1,0
BRDA:442,57,0,0
BRDA:442,57,1,0
BRDA:450,58,0,0
BRDA:450,58,1,0
BRDA:477,59,0,0
BRDA:477,59,1,0
BRDA:481,60,0,0
BRDA:481,60,1,0
BRDA:485,61,0,0
BRDA:485,61,1,0
BRDA:487,62,0,0
BRDA:487,62,1,0
BRDA:487,63,0,0
BRDA:487,63,1,0
BRDA:488,64,0,0
BRDA:488,64,1,0
BRDA:496,65,0,0
BRDA:496,65,1,0
BRDA:497,66,0,0
BRDA:497,66,1,0
BRDA:502,67,0,0
BRDA:502,67,1,0
BRDA:503,68,0,0
BRDA:503,68,1,0
BRDA:504,69,0,0
BRDA:504,69,1,0
BRDA:504,70,0,0
BRDA:504,70,1,0
BRDA:504,70,2,0
BRDA:504,70,3,0
BRDA:506,71,0,0
BRDA:506,71,1,0
BRF:145
BRH:0
end_of_record
TN:
SF:src/components/MessageList.tsx
FN:10,(anonymous_0)
FN:20,formatDateDivider
FN:37,isDifferentDay
FN:49,MessageList
FN:50,(anonymous_4)
FN:51,(anonymous_5)
FN:52,(anonymous_6)
FN:53,(anonymous_7)
FN:54,(anonymous_8)
FN:55,(anonymous_9)
FN:56,(anonymous_10)
FN:57,(anonymous_11)
FN:58,(anonymous_12)
FN:59,(anonymous_13)
FN:60,(anonymous_14)
FN:61,(anonymous_15)
FN:62,(anonymous_16)
FN:66,(anonymous_17)
FN:70,(anonymous_18)
FN:73,(anonymous_19)
FN:85,(anonymous_20)
FN:91,(anonymous_21)
FN:93,handleClick
FN:99,(anonymous_23)
FN:102,(anonymous_24)
FN:107,(anonymous_25)
FN:112,(anonymous_26)
FN:117,(anonymous_27)
FN:121,(anonymous_28)
FN:161,(anonymous_29)
FN:214,(anonymous_30)
FN:245,(anonymous_31)
FN:253,(anonymous_32)
FN:266,(anonymous_33)
FN:285,(anonymous_34)
FN:314,(anonymous_35)
FN:321,(anonymous_36)
FN:328,(anonymous_37)
FN:329,(anonymous_38)
FN:339,(anonymous_39)
FN:352,(anonymous_40)
FN:363,(anonymous_41)
FN:376,(anonymous_42)
FN:388,(anonymous_43)
FN:400,(anonymous_44)
FN:401,(anonymous_45)
FN:417,(anonymous_46)
FN:421,(anonymous_47)
FN:430,(anonymous_48)
FN:441,(anonymous_49)
FN:442,(anonymous_50)
FN:443,(anonymous_51)
FN:450,(anonymous_52)
FNF:53
FNH:0
FNDA:0,(anonymous_0)
FNDA:0,formatDateDivider
FNDA:0,isDifferentDay
FNDA:0,MessageList
FNDA:0,(anonymous_4)
FNDA:0,(anonymous_5)
FNDA:0,(anonymous_6)
FNDA:0,(anonymous_7)
FNDA:0,(anonymous_8)
FNDA:0,(anonymous_9)
FNDA:0,(anonymous_10)
FNDA:0,(anonymous_11)
FNDA:0,(anonymous_12)
FNDA:0,(anonymous_13)
FNDA:0,(anonymous_14)
FNDA:0,(anonymous_15)
FNDA:0,(anonymous_16)
FNDA:0,(anonymous_17)
FNDA:0,(anonymous_18)
FNDA:0,(anonymous_19)
FNDA:0,(anonymous_20)
FNDA:0,(anonymous_21)
FNDA:0,handleClick
FNDA:0,(anonymous_23)
FNDA:0,(anonymous_24)
FNDA:0,(anonymous_25)
FNDA:0,(anonymous_26)
FNDA:0,(anonymous_27)
FNDA:0,(anonymous_28)
FNDA:0,(anonymous_29)
FNDA:0,(anonymous_30)
FNDA:0,(anonymous_31)
FNDA:0,(anonymous_32)
FNDA:0,(anonymous_33)
FNDA:0,(anonymous_34)
FNDA:0,(anonymous_35)
FNDA:0,(anonymous_36)
FNDA:0,(anonymous_37)
FNDA:0,(anonymous_38)
FNDA:0,(anonymous_39)
FNDA:0,(anonymous_40)
FNDA:0,(anonymous_41)
FNDA:0,(anonymous_42)
FNDA:0,(anonymous_43)
FNDA:0,(anonymous_44)
FNDA:0,(anonymous_45)
FNDA:0,(anonymous_46)
FNDA:0,(anonymous_47)
FNDA:0,(anonymous_48)
FNDA:0,(anonymous_49)
FNDA:0,(anonymous_50)
FNDA:0,(anonymous_51)
FNDA:0,(anonymous_52)
DA:10,0
DA:21,0
DA:22,0
DA:23,0
DA:24,0
DA:25,0
DA:27,0
DA:28,0
DA:30,0
DA:38,0
DA:39,0
DA:40,0
DA:50,0
DA:51,0
DA:52,0
DA:53,0
DA:54,0
DA:55,0
DA:56,0
DA:57,0
DA:58,0
DA:59,0
DA:60,0
DA:61,0
DA:62,0
DA:63,0
DA:65,0
DA:66,0
DA:67,0
DA:68,0
DA:69,0
DA:70,0
DA:71,0
DA:73,0
DA:74,0
DA:75,0
DA:78,0
DA:79,0
DA:80,0
DA:81,0
DA:82,0
DA:83,0
DA:85,0
DA:86,0
DA:90,0
DA:91,0
DA:92,0
DA:94,0
DA:95,0
DA:98,0
DA:99,0
DA:102,0
DA:103,0
DA:104,0
DA:107,0
DA:108,0
DA:109,0
DA:112,0
DA:113,0
DA:114,0
DA:115,0
DA:116,0
DA:117,0
DA:121,0
DA:122,0
DA:123,0
DA:126,0
DA:162,0
DA:163,0
DA:165,0
DA:172,0
DA:173,0
DA:174,0
DA:175,0
DA:176,0
DA:177,0
DA:178,0
DA:179,0
DA:180,0
DA:181,0
DA:182,0
DA:185,0
DA:200,0
DA:201,0
DA:203,0
DA:207,0
DA:208,0
DA:210,0
DA:213,0
DA:214,0
DA:217,0
DA:218,0
DA:239,0
DA:246,0
DA:247,0
DA:253,0
DA:266,0
DA:285,0
DA:315,0
DA:322,0
DA:323,0
DA:328,0
DA:329,0
DA:339,0
DA:352,0
DA:363,0
DA:376,0
DA:388,0
DA:400,0
DA:401,0
DA:418,0
DA:419,0
DA:421,0
DA:430,0
DA:441,0
DA:442,0
DA:443,0
DA:450,0
LF:118
LH:0
BRDA:27,0,0,0
BRDA:27,0,1,0
BRDA:28,1,0,0
BRDA:28,1,1,0
BRDA:41,2,0,0
BRDA:41,2,1,0
BRDA:41,2,2,0
BRDA:65,3,0,0
BRDA:65,3,1,0
BRDA:65,4,0,0
BRDA:65,4,1,0
BRDA:67,5,0,0
BRDA:67,5,1,0
BRDA:71,6,0,0
BRDA:71,6,1,0
BRDA:71,7,0,0
BRDA:71,7,1,0
BRDA:74,8,0,0
BRDA:74,8,1,0
BRDA:75,9,0,0
BRDA:75,9,1,0
BRDA:92,10,0,0
BRDA:92,10,1,0
BRDA:94,11,0,0
BRDA:94,11,1,0
BRDA:94,12,0,0
BRDA:94,12,1,0
BRDA:114,13,0,0
BRDA:114,13,1,0
BRDA:122,14,0,0
BRDA:122,14,1,0
BRDA:122,15,0,0
BRDA:122,15,1,0
BRDA:123,16,0,0
BRDA:123,16,1,0
BRDA:123,16,2,0
BRDA:129,17,0,0
BRDA:129,17,1,0
BRDA:129,17,2,0
BRDA:131,18,0,0
BRDA:131,18,1,0
BRDA:141,19,0,0
BRDA:141,19,1,0
BRDA:163,20,0,0
BRDA:163,20,1,0
BRDA:163,20,2,0
BRDA:165,21,0,0
BRDA:165,21,1,0
BRDA:172,22,0,0
BRDA:172,22,1,0
BRDA:176,23,0,0
BRDA:176,23,1,0
BRDA:176,23,2,0
BRDA:177,24,0,0
BRDA:177,24,1,0
BRDA:177,25,0,0
BRDA:177,25,1,0
BRDA:178,26,0,0
BRDA:178,26,1,0
BRDA:179,27,0,0
BRDA:179,27,1,0
BRDA:180,28,0,0
BRDA:180,28,1,0
BRDA:203,29,0,0
BRDA:203,29,1,0
BRDA:203,29,2,0
BRDA:203,29,3,0
BRDA:210,30,0,0
BRDA:210,30,1,0
BRDA:213,31,0,0
BRDA:213,31,1,0
BRDA:217,32,0,0
BRDA:217,32,1,0
BRDA:244,33,0,0
BRDA:244,33,1,0
BRDA:244,34,0,0
BRDA:244,34,1,0
BRDA:250,35,0,0
BRDA:250,35,1,0
BRDA:263,36,0,0
BRDA:263,36,1,0
BRDA:271,37,0,0
BRDA:271,37,1,0
BRDA:275,38,0,0
BRDA:275,38,1,0
BRDA:275,38,2,0
BRDA:281,39,0,0
BRDA:281,39,1,0
BRDA:286,40,0,0
BRDA:286,40,1,0
BRDA:298,41,0,0
BRDA:298,41,1,0
BRDA:299,42,0,0
BRDA:299,42,1,0
BRDA:309,43,0,0
BRDA:309,43,1,0
BRDA:309,43,2,0
BRDA:312,44,0,0
BRDA:312,44,1,0
BRDA:312,44,2,0
BRDA:319,45,0,0
BRDA:319,45,1,0
BRDA:322,46,0,0
BRDA:322,46,1,0
BRDA:327,47,0,0
BRDA:327,47,1,0
BRDA:329,48,0,0
BRDA:329,48,1,0
BRDA:329,48,2,0
BRDA:364,49,0,0
BRDA:364,49,1,0
BRDA:372,50,0,0
BRDA:372,50,1,0
BRDA:382,51,0,0
BRDA:382,51,1,0
BRDA:382,51,2,0
BRDA:397,52,0,0
BRDA:397,52,1,0
BRDA:411,53,0,0
BRDA:411,53,1,0
BRDA:424,54,0,0
BRDA:424,54,1,0
BRDA:428,55,0,0
BRDA:428,55,1,0
BRDA:434,56,0,0
BRDA:434,56,1,0
BRDA:446,57,0,0
BRDA:446,57,1,0
BRDA:446,57,2,0
BRF:129
BRH:0
end_of_record
TN:
SF:src/components/PinnedMessagesPanel.tsx
FN:9,PinnedMessagesPanel
FN:10,(anonymous_1)
FN:11,(anonymous_2)
FN:12,(anonymous_3)
FN:13,(anonymous_4)
FN:14,(anonymous_5)
FN:15,(anonymous_6)
FN:21,(anonymous_7)
FN:21,(anonymous_8)
FN:24,scrollToMessage
FN:44,(anonymous_10)
FN:66,(anonymous_11)
FN:73,(anonymous_12)
FNF:13
FNH:0
FNDA:0,PinnedMessagesPanel
FNDA:0,(anonymous_1)
FNDA:0,(anonymous_2)
FNDA:0,(anonymous_3)
FNDA:0,(anonymous_4)
FNDA:0,(anonymous_5)
FNDA:0,(anonymous_6)
FNDA:0,(anonymous_7)
FNDA:0,(anonymous_8)
FNDA:0,scrollToMessage
FNDA:0,(anonymous_10)
FNDA:0,(anonymous_11)
FNDA:0,(anonymous_12)
DA:10,0
DA:11,0
DA:12,0
DA:13,0
DA:14,0
DA:15,0
DA:17,0
DA:18,0
DA:20,0
DA:21,0
DA:25,0
DA:26,0
DA:27,0
DA:28,0
DA:32,0
DA:45,0
DA:46,0
DA:49,0
DA:66,0
DA:73,0
LF:20
LH:0
BRDA:17,0,0,0
BRDA:17,0,1,0
BRDA:18,1,0,0
BRDA:18,1,1,0
BRDA:26,2,0,0
BRDA:26,2,1,0
BRDA:41,3,0,0
BRDA:41,3,1,0
BRDA:45,4,0,0
BRDA:45,4,1,0
BRDA:46,5,0,0
BRDA:46,5,1,0
BRDA:47,6,0,0
BRDA:47,6,1,0
BRDA:48,7,0,0
BRDA:48,7,1,0
BRDA:60,8,0,0
BRDA:60,8,1,0
BRF:18
BRH:0
end_of_record
TN:
SF:src/components/ProfilePopup.tsx
FN:18,ProfilePopup
FN:19,(anonymous_1)
FN:20,(anonymous_2)
FN:21,(anonymous_3)
FN:22,(anonymous_4)
FN:23,(anonymous_5)
FN:49,(anonymous_6)
FN:52,(anonymous_7)
FN:61,(anonymous_8)
FN:64,(anonymous_9)
FN:68,(anonymous_10)
FN:69,handleClick
FN:74,handleEsc
FN:83,(anonymous_13)
FN:90,(anonymous_14)
FN:92,handleClick
FN:98,(anonymous_16)
FN:111,(anonymous_17)
FN:129,(anonymous_18)
FN:145,(anonymous_19)
FN:156,(anonymous_20)
FN:168,(anonymous_21)
FN:182,(anonymous_22)
FN:188,(anonymous_23)
FN:256,(anonymous_24)
FN:268,(anonymous_25)
FN:306,(anonymous_26)
FN:316,(anonymous_27)
FN:327,(anonymous_28)
FN:333,(anonymous_29)
FN:362,(anonymous_30)
FN:408,(anonymous_31)
FN:408,(anonymous_32)
FN:436,(anonymous_33)
FN:450,(anonymous_34)
FN:451,(anonymous_35)
FN:460,(anonymous_36)
FN:471,(anonymous_37)
FN:472,(anonymous_38)
FN:476,(anonymous_39)
FN:492,(anonymous_40)
FN:496,(anonymous_41)
FNF:42
FNH:0
FNDA:0,ProfilePopup
FNDA:0,(anonymous_1)
FNDA:0,(anonymous_2)
FNDA:0,(anonymous_3)
FNDA:0,(anonymous_4)
FNDA:0,(anonymous_5)
FNDA:0,(anonymous_6)
FNDA:0,(anonymous_7)
FNDA:0,(anonymous_8)
FNDA:0,(anonymous_9)
FNDA:0,(anonymous_10)
FNDA:0,handleClick
FNDA:0,handleEsc
FNDA:0,(anonymous_13)
FNDA:0,(anonymous_14)
FNDA:0,handleClick
FNDA:0,(anonymous_16)
FNDA:0,(anonymous_17)
FNDA:0,(anonymous_18)
FNDA:0,(anonymous_19)
FNDA:0,(anonymous_20)
FNDA:0,(anonymous_21)
FNDA:0,(anonymous_22)
FNDA:0,(anonymous_23)
FNDA:0,(anonymous_24)
FNDA:0,(anonymous_25)
FNDA:0,(anonymous_26)
FNDA:0,(anonymous_27)
FNDA:0,(anonymous_28)
FNDA:0,(anonymous_29)
FNDA:0,(anonymous_30)
FNDA:0,(anonymous_31)
FNDA:0,(anonymous_32)
FNDA:0,(anonymous_33)
FNDA:0,(anonymous_34)
FNDA:0,(anonymous_35)
FNDA:0,(anonymous_36)
FNDA:0,(anonymous_37)
FNDA:0,(anonymous_38)
FNDA:0,(anonymous_39)
FNDA:0,(anonymous_40)
FNDA:0,(anonymous_41)
DA:19,0
DA:20,0
DA:21,0
DA:22,0
DA:23,0
DA:25,0
DA:26,0
DA:27,0
DA:28,0
DA:29,0
DA:30,0
DA:31,0
DA:34,0
DA:35,0
DA:41,0
DA:42,0
DA:43,0
DA:45,0
DA:46,0
DA:49,0
DA:50,0
DA:51,0
DA:52,0
DA:53,0
DA:54,0
DA:55,0
DA:60,0
DA:62,0
DA:64,0
DA:68,0
DA:70,0
DA:71,0
DA:75,0
DA:76,0
DA:77,0
DA:78,0
DA:81,0
DA:82,0
DA:83,0
DA:84,0
DA:85,0
DA:90,0
DA:91,0
DA:93,0
DA:94,0
DA:97,0
DA:98,0
DA:102,0
DA:111,0
DA:112,0
DA:113,0
DA:114,0
DA:115,0
DA:116,0
DA:117,0
DA:119,0
DA:120,0
DA:122,0
DA:124,0
DA:125,0
DA:129,0
DA:130,0
DA:131,0
DA:132,0
DA:133,0
DA:134,0
DA:135,0
DA:136,0
DA:137,0
DA:138,0
DA:141,0
DA:145,0
DA:146,0
DA:147,0
DA:148,0
DA:149,0
DA:150,0
DA:152,0
DA:156,0
DA:157,0
DA:158,0
DA:159,0
DA:160,0
DA:161,0
DA:163,0
DA:164,0
DA:168,0
DA:169,0
DA:170,0
DA:172,0
DA:174,0
DA:175,0
DA:176,0
DA:182,0
DA:183,0
DA:188,0
DA:194,0
DA:196,0
DA:197,0
DA:198,0
DA:206,0
DA:207,0
DA:214,0
DA:215,0
DA:222,0
DA:225,0
DA:226,0
DA:227,0
DA:228,0
DA:229,0
DA:230,0
DA:231,0
DA:232,0
DA:233,0
DA:234,0
DA:237,0
DA:256,0
DA:268,0
DA:306,0
DA:316,0
DA:327,0
DA:333,0
DA:363,0
DA:408,0
DA:409,0
DA:436,0
DA:450,0
DA:452,0
DA:453,0
DA:454,0
DA:460,0
DA:472,0
DA:473,0
DA:474,0
DA:476,0
DA:493,0
DA:494,0
DA:496,0
LF:138
LH:0
BRDA:21,0,0,0
BRDA:21,0,1,0
BRDA:46,1,0,0
BRDA:46,1,1,0
BRDA:53,2,0,0
BRDA:53,2,1,0
BRDA:56,3,0,0
BRDA:56,3,1,0
BRDA:57,4,0,0
BRDA:57,4,1,0
BRDA:58,5,0,0
BRDA:58,5,1,0
BRDA:62,6,0,0
BRDA:62,6,1,0
BRDA:70,7,0,0
BRDA:70,7,1,0
BRDA:70,8,0,0
BRDA:70,8,1,0
BRDA:75,9,0,0
BRDA:75,9,1,0
BRDA:76,10,0,0
BRDA:76,10,1,0
BRDA:77,11,0,0
BRDA:77,11,1,0
BRDA:91,12,0,0
BRDA:91,12,1,0
BRDA:93,13,0,0
BRDA:93,13,1,0
BRDA:93,14,0,0
BRDA:93,14,1,0
BRDA:112,15,0,0
BRDA:112,15,1,0
BRDA:115,16,0,0
BRDA:115,16,1,0
BRDA:130,17,0,0
BRDA:130,17,1,0
BRDA:133,18,0,0
BRDA:133,18,1,0
BRDA:133,19,0,0
BRDA:133,19,1,0
BRDA:136,20,0,0
BRDA:136,20,1,0
BRDA:136,21,0,0
BRDA:136,21,1,0
BRDA:146,22,0,0
BRDA:146,22,1,0
BRDA:157,23,0,0
BRDA:157,23,1,0
BRDA:169,24,0,0
BRDA:169,24,1,0
BRDA:169,25,0,0
BRDA:169,25,1,0
BRDA:184,26,0,0
BRDA:184,26,1,0
BRDA:185,27,0,0
BRDA:185,27,1,0
BRDA:186,28,0,0
BRDA:186,28,1,0
BRDA:188,29,0,0
BRDA:188,29,1,0
BRDA:197,30,0,0
BRDA:197,30,1,0
BRDA:206,31,0,0
BRDA:206,31,1,0
BRDA:214,32,0,0
BRDA:214,32,1,0
BRDA:222,33,0,0
BRDA:222,33,1,0
BRDA:227,34,0,0
BRDA:227,34,1,0
BRDA:230,35,0,0
BRDA:230,35,1,0
BRDA:233,36,0,0
BRDA:233,36,1,0
BRDA:241,37,0,0
BRDA:241,37,1,0
BRDA:244,38,0,0
BRDA:244,38,1,0
BRDA:246,39,0,0
BRDA:246,39,1,0
BRDA:265,40,0,0
BRDA:265,40,1,0
BRDA:267,41,0,0
BRDA:267,41,1,0
BRDA:267,41,2,0
BRDA:273,42,0,0
BRDA:273,42,1,0
BRDA:299,43,0,0
BRDA:299,43,1,0
BRDA:346,44,0,0
BRDA:346,44,1,0
BRDA:346,44,2,0
BRDA:358,45,0,0
BRDA:358,45,1,0
BRDA:358,45,2,0
BRDA:358,45,3,0
BRDA:360,46,0,0
BRDA:360,46,1,0
BRDA:366,47,0,0
BRDA:366,47,1,0
BRDA:374,48,0,0
BRDA:374,48,1,0
BRDA:375,49,0,0
BRDA:375,49,1,0
BRDA:377,50,0,0
BRDA:377,50,1,0
BRDA:377,50,2,0
BRDA:378,51,0,0
BRDA:378,51,1,0
BRDA:379,52,0,0
BRDA:379,52,1,0
BRDA:386,53,0,0
BRDA:386,53,1,0
BRDA:388,54,0,0
BRDA:388,54,1,0
BRDA:396,55,0,0
BRDA:396,55,1,0
BRDA:404,56,0,0
BRDA:404,56,1,0
BRDA:404,56,2,0
BRDA:412,57,0,0
BRDA:412,57,1,0
BRDA:434,58,0,0
BRDA:434,58,1,0
BRDA:443,59,0,0
BRDA:443,59,1,0
BRDA:452,60,0,0
BRDA:452,60,1,0
BRDA:452,61,0,0
BRDA:452,61,1,0
BRDA:468,62,0,0
BRDA:468,62,1,0
BRDA:486,63,0,0
BRDA:486,63,1,0
BRDA:486,63,2,0
BRDA:489,64,0,0
BRDA:489,64,1,0
BRF:137
BRH:0
end_of_record
TN:
SF:src/components/ReportModal.tsx
FN:10,ReportModal
FN:17,handleSubmit
FN:42,(anonymous_2)
FN:52,(anonymous_3)
FNF:4
FNH:0
FNDA:0,ReportModal
FNDA:0,handleSubmit
FNDA:0,(anonymous_2)
FNDA:0,(anonymous_3)
DA:11,0
DA:12,0
DA:13,0
DA:14,0
DA:15,0
DA:18,0
DA:19,0
DA:20,0
DA:21,0
DA:23,0
DA:24,0
DA:25,0
DA:26,0
DA:31,0
DA:32,0
DA:34,0
DA:36,0
DA:40,0
DA:42,0
DA:52,0
LF:20
LH:0
BRDA:19,0,0,0
BRDA:19,0,1,0
BRDA:34,1,0,0
BRDA:34,1,1,0
BRDA:44,2,0,0
BRDA:44,2,1,0
BRDA:56,3,0,0
BRDA:56,3,1,0
BRDA:64,4,0,0
BRDA:64,4,1,0
BRDA:66,5,0,0
BRDA:66,5,1,0
BRF:12
BRH:0
end_of_record
TN:
SF:src/components/RoleSettings.tsx
FN:38,RoleSettings
FN:39,(anonymous_1)
FN:51,(anonymous_2)
FN:55,loadRoles
FN:64,selectRole
FN:72,togglePerm
FN:73,(anonymous_6)
FN:76,handleSave
FN:85,(anonymous_8)
FN:85,(anonymous_9)
FN:89,(anonymous_10)
FN:95,handleCreate
FN:103,(anonymous_12)
FN:111,handleDelete
FN:115,(anonymous_14)
FN:115,(anonymous_15)
FN:125,(anonymous_16)
FN:135,(anonymous_17)
FN:136,(anonymous_18)
FN:141,(anonymous_19)
FN:145,(anonymous_20)
FN:166,(anonymous_21)
FN:180,(anonymous_22)
FN:191,(anonymous_23)
FN:204,(anonymous_24)
FN:206,(anonymous_25)
FN:211,(anonymous_26)
FN:225,(anonymous_27)
FN:233,(anonymous_28)
FN:245,(anonymous_29)
FN:265,(anonymous_30)
FN:268,(anonymous_31)
FN:269,(anonymous_32)
FNF:33
FNH:0
FNDA:0,RoleSettings
FNDA:0,(anonymous_1)
FNDA:0,(anonymous_2)
FNDA:0,loadRoles
FNDA:0,selectRole
FNDA:0,togglePerm
FNDA:0,(anonymous_6)
FNDA:0,handleSave
FNDA:0,(anonymous_8)
FNDA:0,(anonymous_9)
FNDA:0,(anonymous_10)
FNDA:0,handleCreate
FNDA:0,(anonymous_12)
FNDA:0,handleDelete
FNDA:0,(anonymous_14)
FNDA:0,(anonymous_15)
FNDA:0,(anonymous_16)
FNDA:0,(anonymous_17)
FNDA:0,(anonymous_18)
FNDA:0,(anonymous_19)
FNDA:0,(anonymous_20)
FNDA:0,(anonymous_21)
FNDA:0,(anonymous_22)
FNDA:0,(anonymous_23)
FNDA:0,(anonymous_24)
FNDA:0,(anonymous_25)
FNDA:0,(anonymous_26)
FNDA:0,(anonymous_27)
FNDA:0,(anonymous_28)
FNDA:0,(anonymous_29)
FNDA:0,(anonymous_30)
FNDA:0,(anonymous_31)
FNDA:0,(anonymous_32)
DA:7,0
DA:16,0
DA:39,0
DA:40,0
DA:41,0
DA:42,0
DA:43,0
DA:44,0
DA:45,0
DA:46,0
DA:47,0
DA:48,0
DA:49,0
DA:51,0
DA:52,0
DA:56,0
DA:57,0
DA:58,0
DA:60,0
DA:65,0
DA:66,0
DA:67,0
DA:68,0
DA:69,0
DA:73,0
DA:77,0
DA:78,0
DA:79,0
DA:80,0
DA:85,0
DA:86,0
DA:87,0
DA:88,0
DA:89,0
DA:91,0
DA:96,0
DA:97,0
DA:98,0
DA:99,0
DA:103,0
DA:104,0
DA:105,0
DA:107,0
DA:112,0
DA:113,0
DA:114,0
DA:115,0
DA:116,0
DA:117,0
DA:118,0
DA:119,0
DA:121,0
DA:125,0
DA:127,0
DA:135,0
DA:136,0
DA:142,0
DA:145,0
DA:166,0
DA:180,0
DA:191,0
DA:204,0
DA:207,0
DA:211,0
DA:226,0
DA:227,0
DA:228,0
DA:233,0
DA:245,0
DA:265,0
DA:268,0
DA:269,0
LF:72
LH:0
BRDA:60,0,0,0
BRDA:60,0,1,0
BRDA:67,1,0,0
BRDA:67,1,1,0
BRDA:73,2,0,0
BRDA:73,2,1,0
BRDA:77,3,0,0
BRDA:77,3,1,0
BRDA:81,4,0,0
BRDA:81,4,1,0
BRDA:85,5,0,0
BRDA:85,5,1,0
BRDA:91,6,0,0
BRDA:91,6,1,0
BRDA:96,7,0,0
BRDA:96,7,1,0
BRDA:107,8,0,0
BRDA:107,8,1,0
BRDA:116,9,0,0
BRDA:116,9,1,0
BRDA:121,10,0,0
BRDA:121,10,1,0
BRDA:136,11,0,0
BRDA:136,11,1,0
BRDA:144,12,0,0
BRDA:144,12,1,0
BRDA:147,13,0,0
BRDA:147,13,1,0
BRDA:156,14,0,0
BRDA:156,14,1,0
BRDA:158,15,0,0
BRDA:158,15,1,0
BRDA:179,16,0,0
BRDA:179,16,1,0
BRDA:183,17,0,0
BRDA:183,17,1,0
BRDA:190,18,0,0
BRDA:190,18,1,0
BRDA:190,19,0,0
BRDA:190,19,1,0
BRDA:192,20,0,0
BRDA:192,20,1,0
BRDA:192,21,0,0
BRDA:192,21,1,0
BRDA:203,22,0,0
BRDA:203,22,1,0
BRDA:209,23,0,0
BRDA:209,23,1,0
BRDA:214,24,0,0
BRDA:214,24,1,0
BRDA:242,25,0,0
BRDA:242,25,1,0
BRDA:250,26,0,0
BRDA:250,26,1,0
BRDA:251,27,0,0
BRDA:251,27,1,0
BRDA:262,28,0,0
BRDA:262,28,1,0
BRF:58
BRH:0
end_of_record
TN:
SF:src/components/SearchPanel.tsx
FN:5,SearchPanel
FN:7,(anonymous_1)
FN:8,(anonymous_2)
FN:9,(anonymous_3)
FN:10,(anonymous_4)
FN:11,(anonymous_5)
FN:14,(anonymous_6)
FN:18,(anonymous_7)
FN:50,(anonymous_8)
FN:54,(anonymous_9)
FN:62,(anonymous_10)
FN:63,(anonymous_11)
FN:88,(anonymous_12)
FN:95,(anonymous_13)
FN:110,(anonymous_14)
FNF:15
FNH:0
FNDA:0,SearchPanel
FNDA:0,(anonymous_1)
FNDA:0,(anonymous_2)
FNDA:0,(anonymous_3)
FNDA:0,(anonymous_4)
FNDA:0,(anonymous_5)
FNDA:0,(anonymous_6)
FNDA:0,(anonymous_7)
FNDA:0,(anonymous_8)
FNDA:0,(anonymous_9)
FNDA:0,(anonymous_10)
FNDA:0,(anonymous_11)
FNDA:0,(anonymous_12)
FNDA:0,(anonymous_13)
FNDA:0,(anonymous_14)
DA:6,0
DA:7,0
DA:8,0
DA:9,0
DA:10,0
DA:11,0
DA:12,0
DA:14,0
DA:15,0
DA:18,0
DA:19,0
DA:20,0
DA:28,0
DA:30,0
DA:31,0
DA:32,0
DA:33,0
DA:34,0
DA:41,0
DA:44,0
DA:47,0
DA:50,0
DA:51,0
DA:52,0
DA:54,0
DA:55,0
DA:56,0
DA:57,0
DA:62,0
DA:63,0
DA:64,0
DA:65,0
DA:66,0
DA:67,0
DA:69,0
DA:73,0
DA:88,0
DA:96,0
DA:98,0
DA:99,0
DA:100,0
DA:101,0
DA:102,0
DA:103,0
DA:104,0
DA:106,0
DA:110,0
LF:47
LH:0
BRDA:20,0,0,0
BRDA:20,0,1,0
BRDA:32,1,0,0
BRDA:32,1,1,0
BRDA:33,2,0,0
BRDA:33,2,1,0
BRDA:41,3,0,0
BRDA:41,3,1,0
BRDA:44,4,0,0
BRDA:44,4,1,0
BRDA:56,5,0,0
BRDA:56,5,1,0
BRDA:64,6,0,0
BRDA:64,6,1,0
BRDA:67,7,0,0
BRDA:67,7,1,0
BRDA:67,7,2,0
BRDA:92,8,0,0
BRDA:92,8,1,0
BRDA:92,8,2,0
BRDA:96,9,0,0
BRDA:96,9,1,0
BRDA:120,10,0,0
BRDA:120,10,1,0
BRDA:124,11,0,0
BRDA:124,11,1,0
BRF:26
BRH:0
end_of_record
TN:
SF:src/components/ServerBar.tsx
FN:7,ServerBar
FN:8,(anonymous_1)
FN:9,(anonymous_2)
FN:10,(anonymous_3)
FN:11,(anonymous_4)
FN:12,(anonymous_5)
FN:13,(anonymous_6)
FN:14,(anonymous_7)
FN:17,(anonymous_8)
FN:28,(anonymous_9)
FN:44,handleCreate
FN:59,handleJoin
FN:81,(anonymous_12)
FN:95,(anonymous_13)
FN:107,(anonymous_14)
FN:123,(anonymous_15)
FN:136,(anonymous_16)
FN:150,(anonymous_17)
FN:151,(anonymous_18)
FN:160,(anonymous_19)
FN:161,(anonymous_20)
FN:166,(anonymous_21)
FN:175,(anonymous_22)
FN:176,(anonymous_23)
FN:185,(anonymous_24)
FN:186,(anonymous_25)
FN:191,(anonymous_26)
FNF:27
FNH:0
FNDA:0,ServerBar
FNDA:0,(anonymous_1)
FNDA:0,(anonymous_2)
FNDA:0,(anonymous_3)
FNDA:0,(anonymous_4)
FNDA:0,(anonymous_5)
FNDA:0,(anonymous_6)
FNDA:0,(anonymous_7)
FNDA:0,(anonymous_8)
FNDA:0,(anonymous_9)
FNDA:0,handleCreate
FNDA:0,handleJoin
FNDA:0,(anonymous_12)
FNDA:0,(anonymous_13)
FNDA:0,(anonymous_14)
FNDA:0,(anonymous_15)
FNDA:0,(anonymous_16)
FNDA:0,(anonymous_17)
FNDA:0,(anonymous_18)
FNDA:0,(anonymous_19)
FNDA:0,(anonymous_20)
FNDA:0,(anonymous_21)
FNDA:0,(anonymous_22)
FNDA:0,(anonymous_23)
FNDA:0,(anonymous_24)
FNDA:0,(anonymous_25)
FNDA:0,(anonymous_26)
DA:8,0
DA:9,0
DA:10,0
DA:11,0
DA:12,0
DA:13,0
DA:14,0
DA:17,0
DA:18,0
DA:19,0
DA:20,0
DA:21,0
DA:24,0
DA:28,0
DA:29,0
DA:30,0
DA:31,0
DA:32,0
DA:35,0
DA:38,0
DA:39,0
DA:40,0
DA:41,0
DA:42,0
DA:45,0
DA:46,0
DA:47,0
DA:48,0
DA:49,0
DA:50,0
DA:51,0
DA:52,0
DA:53,0
DA:55,0
DA:60,0
DA:61,0
DA:62,0
DA:63,0
DA:64,0
DA:65,0
DA:66,0
DA:68,0
DA:72,0
DA:81,0
DA:96,0
DA:97,0
DA:98,0
DA:99,0
DA:107,0
DA:123,0
DA:136,0
DA:150,0
DA:151,0
DA:160,0
DA:161,0
DA:166,0
DA:175,0
DA:176,0
DA:185,0
DA:186,0
DA:191,0
LF:61
LH:0
BRDA:20,0,0,0
BRDA:20,0,1,0
BRDA:20,1,0,0
BRDA:20,1,1,0
BRDA:21,2,0,0
BRDA:21,2,1,0
BRDA:31,3,0,0
BRDA:31,3,1,0
BRDA:31,4,0,0
BRDA:31,4,1,0
BRDA:45,5,0,0
BRDA:45,5,1,0
BRDA:55,6,0,0
BRDA:55,6,1,0
BRDA:60,7,0,0
BRDA:60,7,1,0
BRDA:68,8,0,0
BRDA:68,8,1,0
BRDA:77,9,0,0
BRDA:77,9,1,0
BRDA:80,10,0,0
BRDA:80,10,1,0
BRDA:88,11,0,0
BRDA:88,11,1,0
BRDA:98,12,0,0
BRDA:98,12,1,0
BRDA:102,13,0,0
BRDA:102,13,1,0
BRDA:106,14,0,0
BRDA:106,14,1,0
BRDA:111,15,0,0
BRDA:111,15,1,0
BRDA:122,16,0,0
BRDA:122,16,1,0
BRDA:135,17,0,0
BRDA:135,17,1,0
BRDA:149,18,0,0
BRDA:149,18,1,0
BRDA:161,19,0,0
BRDA:161,19,1,0
BRDA:164,20,0,0
BRDA:164,20,1,0
BRDA:174,21,0,0
BRDA:174,21,1,0
BRDA:186,22,0,0
BRDA:186,22,1,0
BRDA:189,23,0,0
BRDA:189,23,1,0
BRF:48
BRH:0
end_of_record
TN:
SF:src/components/ServerSettings.tsx
FN:17,ServerSettings
FN:18,(anonymous_1)
FN:29,(anonymous_2)
FN:29,(anonymous_3)
FN:30,(anonymous_4)
FN:32,(anonymous_5)
FN:32,(anonymous_6)
FN:56,(anonymous_7)
FN:60,(anonymous_8)
FN:64,loadData
FN:85,handleCreateInvite
FN:91,(anonymous_11)
FN:97,handleDeleteInvite
FN:100,(anonymous_13)
FN:100,(anonymous_14)
FN:106,handleKick
FN:109,(anonymous_16)
FN:109,(anonymous_17)
FN:116,handleRevokeBan
FN:119,(anonymous_19)
FN:119,(anonymous_20)
FN:125,handleCreateCategory
FN:133,(anonymous_22)
FN:141,handleRenameCategory
FN:146,(anonymous_24)
FN:146,(anonymous_25)
FN:154,handleDeleteCategory
FN:158,(anonymous_27)
FN:158,(anonymous_28)
FN:170,(anonymous_29)
FN:180,(anonymous_30)
FN:187,(anonymous_31)
FN:194,(anonymous_32)
FN:202,(anonymous_33)
FN:210,(anonymous_34)
FN:218,(anonymous_35)
FN:234,(anonymous_36)
FN:237,(anonymous_37)
FN:252,(anonymous_38)
FN:269,(anonymous_39)
FN:285,(anonymous_40)
FN:293,(anonymous_41)
FN:301,(anonymous_42)
FN:324,(anonymous_43)
FN:332,(anonymous_44)
FN:344,(anonymous_45)
FN:367,(anonymous_46)
FN:368,(anonymous_47)
FN:374,(anonymous_48)
FN:381,(anonymous_49)
FN:382,(anonymous_50)
FN:388,(anonymous_51)
FN:397,(anonymous_52)
FN:406,(anonymous_53)
FN:424,(anonymous_54)
FN:440,(anonymous_55)
FN:466,(anonymous_56)
FN:467,(anonymous_57)
FN:477,(anonymous_58)
FN:478,(anonymous_59)
FN:478,(anonymous_60)
FN:481,(anonymous_61)
FN:491,(anonymous_62)
FN:502,(anonymous_63)
FN:503,(anonymous_64)
FNF:65
FNH:0
FNDA:0,ServerSettings
FNDA:0,(anonymous_1)
FNDA:0,(anonymous_2)
FNDA:0,(anonymous_3)
FNDA:0,(anonymous_4)
FNDA:0,(anonymous_5)
FNDA:0,(anonymous_6)
FNDA:0,(anonymous_7)
FNDA:0,(anonymous_8)
FNDA:0,loadData
FNDA:0,handleCreateInvite
FNDA:0,(anonymous_11)
FNDA:0,handleDeleteInvite
FNDA:0,(anonymous_13)
FNDA:0,(anonymous_14)
FNDA:0,handleKick
FNDA:0,(anonymous_16)
FNDA:0,(anonymous_17)
FNDA:0,handleRevokeBan
FNDA:0,(anonymous_19)
FNDA:0,(anonymous_20)
FNDA:0,handleCreateCategory
FNDA:0,(anonymous_22)
FNDA:0,handleRenameCategory
FNDA:0,(anonymous_24)
FNDA:0,(anonymous_25)
FNDA:0,handleDeleteCategory
FNDA:0,(anonymous_27)
FNDA:0,(anonymous_28)
FNDA:0,(anonymous_29)
FNDA:0,(anonymous_30)
FNDA:0,(anonymous_31)
FNDA:0,(anonymous_32)
FNDA:0,(anonymous_33)
FNDA:0,(anonymous_34)
FNDA:0,(anonymous_35)
FNDA:0,(anonymous_36)
FNDA:0,(anonymous_37)
FNDA:0,(anonymous_38)
FNDA:0,(anonymous_39)
FNDA:0,(anonymous_40)
FNDA:0,(anonymous_41)
FNDA:0,(anonymous_42)
FNDA:0,(anonymous_43)
FNDA:0,(anonymous_44)
FNDA:0,(anonymous_45)
FNDA:0,(anonymous_46)
FNDA:0,(anonymous_47)
FNDA:0,(anonymous_48)
FNDA:0,(anonymous_49)
FNDA:0,(anonymous_50)
FNDA:0,(anonymous_51)
FNDA:0,(anonymous_52)
FNDA:0,(anonymous_53)
FNDA:0,(anonymous_54)
FNDA:0,(anonymous_55)
FNDA:0,(anonymous_56)
FNDA:0,(anonymous_57)
FNDA:0,(anonymous_58)
FNDA:0,(anonymous_59)
FNDA:0,(anonymous_60)
FNDA:0,(anonymous_61)
FNDA:0,(anonymous_62)
FNDA:0,(anonymous_63)
FNDA:0,(anonymous_64)
DA:18,0
DA:19,0
DA:21,0
DA:22,0
DA:23,0
DA:24,0
DA:25,0
DA:26,0
DA:27,0
DA:29,0
DA:30,0
DA:31,0
DA:32,0
DA:36,0
DA:37,0
DA:38,0
DA:39,0
DA:40,0
DA:41,0
DA:44,0
DA:45,0
DA:46,0
DA:47,0
DA:48,0
DA:51,0
DA:52,0
DA:53,0
DA:54,0
DA:56,0
DA:57,0
DA:60,0
DA:61,0
DA:65,0
DA:66,0
DA:67,0
DA:69,0
DA:77,0
DA:78,0
DA:79,0
DA:81,0
DA:86,0
DA:87,0
DA:88,0
DA:89,0
DA:90,0
DA:91,0
DA:93,0
DA:98,0
DA:99,0
DA:100,0
DA:102,0
DA:107,0
DA:108,0
DA:109,0
DA:110,0
DA:112,0
DA:117,0
DA:118,0
DA:119,0
DA:121,0
DA:126,0
DA:127,0
DA:128,0
DA:129,0
DA:133,0
DA:134,0
DA:135,0
DA:137,0
DA:142,0
DA:143,0
DA:144,0
DA:145,0
DA:146,0
DA:147,0
DA:148,0
DA:150,0
DA:155,0
DA:156,0
DA:157,0
DA:158,0
DA:159,0
DA:160,0
DA:162,0
DA:166,0
DA:168,0
DA:170,0
DA:180,0
DA:187,0
DA:194,0
DA:202,0
DA:210,0
DA:218,0
DA:234,0
DA:238,0
DA:239,0
DA:253,0
DA:254,0
DA:255,0
DA:256,0
DA:258,0
DA:270,0
DA:285,0
DA:293,0
DA:301,0
DA:324,0
DA:333,0
DA:344,0
DA:367,0
DA:368,0
DA:375,0
DA:381,0
DA:383,0
DA:384,0
DA:388,0
DA:398,0
DA:399,0
DA:406,0
DA:425,0
DA:440,0
DA:466,0
DA:467,0
DA:478,0
DA:479,0
DA:481,0
DA:491,0
DA:502,0
DA:503,0
LF:127
LH:0
BRDA:32,0,0,0
BRDA:32,0,1,0
BRDA:42,1,0,0
BRDA:42,1,1,0
BRDA:61,2,0,0
BRDA:61,2,1,0
BRDA:70,3,0,0
BRDA:70,3,1,0
BRDA:70,4,0,0
BRDA:70,4,1,0
BRDA:72,5,0,0
BRDA:72,5,1,0
BRDA:74,6,0,0
BRDA:74,6,1,0
BRDA:81,7,0,0
BRDA:81,7,1,0
BRDA:93,8,0,0
BRDA:93,8,1,0
BRDA:102,9,0,0
BRDA:102,9,1,0
BRDA:112,10,0,0
BRDA:112,10,1,0
BRDA:121,11,0,0
BRDA:121,11,1,0
BRDA:126,12,0,0
BRDA:126,12,1,0
BRDA:137,13,0,0
BRDA:137,13,1,0
BRDA:142,14,0,0
BRDA:142,14,1,0
BRDA:146,15,0,0
BRDA:146,15,1,0
BRDA:150,16,0,0
BRDA:150,16,1,0
BRDA:162,17,0,0
BRDA:162,17,1,0
BRDA:177,18,0,0
BRDA:177,18,1,0
BRDA:179,19,0,0
BRDA:179,19,1,0
BRDA:186,20,0,0
BRDA:186,20,1,0
BRDA:190,21,0,0
BRDA:190,21,1,0
BRDA:190,21,2,0
BRDA:193,22,0,0
BRDA:193,22,1,0
BRDA:199,23,0,0
BRDA:199,23,1,0
BRDA:201,24,0,0
BRDA:201,24,1,0
BRDA:207,25,0,0
BRDA:207,25,1,0
BRDA:209,26,0,0
BRDA:209,26,1,0
BRDA:215,27,0,0
BRDA:215,27,1,0
BRDA:217,28,0,0
BRDA:217,28,1,0
BRDA:225,29,0,0
BRDA:225,29,1,0
BRDA:227,30,0,0
BRDA:227,30,1,0
BRDA:227,30,2,0
BRDA:233,31,0,0
BRDA:233,31,1,0
BRDA:234,32,0,0
BRDA:234,32,1,0
BRDA:241,33,0,0
BRDA:241,33,1,0
BRDA:258,34,0,0
BRDA:258,34,1,0
BRDA:267,35,0,0
BRDA:267,35,1,0
BRDA:272,36,0,0
BRDA:272,36,1,0
BRDA:276,37,0,0
BRDA:276,37,1,0
BRDA:280,38,0,0
BRDA:280,38,1,0
BRDA:280,38,2,0
BRDA:280,38,3,0
BRDA:280,38,4,0
BRDA:282,39,0,0
BRDA:282,39,1,0
BRDA:285,40,0,0
BRDA:285,40,1,0
BRDA:290,41,0,0
BRDA:290,41,1,0
BRDA:293,42,0,0
BRDA:293,42,1,0
BRDA:298,43,0,0
BRDA:298,43,1,0
BRDA:301,44,0,0
BRDA:301,44,1,0
BRDA:313,45,0,0
BRDA:313,45,1,0
BRDA:313,45,2,0
BRDA:313,45,3,0
BRDA:319,46,0,0
BRDA:319,46,1,0
BRDA:336,47,0,0
BRDA:336,47,1,0
BRDA:337,48,0,0
BRDA:337,48,1,0
BRDA:341,49,0,0
BRDA:341,49,1,0
BRDA:351,50,0,0
BRDA:351,50,1,0
BRDA:359,51,0,0
BRDA:359,51,1,0
BRDA:359,51,2,0
BRDA:368,52,0,0
BRDA:368,52,1,0
BRDA:376,53,0,0
BRDA:376,53,1,0
BRDA:383,54,0,0
BRDA:383,54,1,0
BRDA:384,55,0,0
BRDA:384,55,1,0
BRDA:414,56,0,0
BRDA:414,56,1,0
BRDA:422,57,0,0
BRDA:422,57,1,0
BRDA:422,57,2,0
BRDA:431,58,0,0
BRDA:431,58,1,0
BRDA:446,59,0,0
BRDA:446,59,1,0
BRDA:454,60,0,0
BRDA:454,60,1,0
BRDA:454,60,2,0
BRDA:460,61,0,0
BRDA:460,61,1,0
BRDA:472,62,0,0
BRDA:472,62,1,0
BRDA:486,63,0,0
BRDA:486,63,1,0
BRDA:496,64,0,0
BRDA:496,64,1,0
BRF:140
BRH:0
end_of_record
TN:
SF:src/components/Sidebar.tsx
FN:6,parseChannelName
FN:15,parseDmPeerId
FN:19,(anonymous_2)
FN:27,parseDmDisplayName
FN:38,(anonymous_4)
FN:47,parseServerName
FN:63,Sidebar
FN:64,(anonymous_7)
FN:65,(anonymous_8)
FN:66,(anonymous_9)
FN:67,(anonymous_10)
FN:68,(anonymous_11)
FN:69,(anonymous_12)
FN:70,(anonymous_13)
FN:86,(anonymous_14)
FN:87,(anonymous_15)
FN:89,(anonymous_16)
FN:90,(anonymous_17)
FN:93,(anonymous_18)
FN:96,(anonymous_19)
FN:97,(anonymous_20)
FN:101,handleStartDm
FN:113,handleCreateServer
FN:128,handleJoinServer
FN:153,(anonymous_24)
FN:160,(anonymous_25)
FN:174,(anonymous_26)
FN:175,(anonymous_27)
FN:190,(anonymous_28)
FN:191,(anonymous_29)
FN:201,(anonymous_30)
FN:205,(anonymous_31)
FN:222,(anonymous_32)
FN:235,(anonymous_33)
FN:236,(anonymous_34)
FN:246,(anonymous_35)
FN:253,(anonymous_36)
FNF:37
FNH:0
FNDA:0,parseChannelName
FNDA:0,parseDmPeerId
FNDA:0,(anonymous_2)
FNDA:0,parseDmDisplayName
FNDA:0,(anonymous_4)
FNDA:0,parseServerName
FNDA:0,Sidebar
FNDA:0,(anonymous_7)
FNDA:0,(anonymous_8)
FNDA:0,(anonymous_9)
FNDA:0,(anonymous_10)
FNDA:0,(anonymous_11)
FNDA:0,(anonymous_12)
FNDA:0,(anonymous_13)
FNDA:0,(anonymous_14)
FNDA:0,(anonymous_15)
FNDA:0,(anonymous_16)
FNDA:0,(anonymous_17)
FNDA:0,(anonymous_18)
FNDA:0,(anonymous_19)
FNDA:0,(anonymous_20)
FNDA:0,handleStartDm
FNDA:0,handleCreateServer
FNDA:0,handleJoinServer
FNDA:0,(anonymous_24)
FNDA:0,(anonymous_25)
FNDA:0,(anonymous_26)
FNDA:0,(anonymous_27)
FNDA:0,(anonymous_28)
FNDA:0,(anonymous_29)
FNDA:0,(anonymous_30)
FNDA:0,(anonymous_31)
FNDA:0,(anonymous_32)
FNDA:0,(anonymous_33)
FNDA:0,(anonymous_34)
FNDA:0,(anonymous_35)
FNDA:0,(anonymous_36)
DA:7,0
DA:8,0
DA:9,0
DA:11,0
DA:16,0
DA:17,0
DA:18,0
DA:19,0
DA:21,0
DA:23,0
DA:28,0
DA:29,0
DA:31,0
DA:32,0
DA:33,0
DA:37,0
DA:38,0
DA:39,0
DA:41,0
DA:43,0
DA:48,0
DA:49,0
DA:51,0
DA:52,0
DA:55,0
DA:56,0
DA:58,0
DA:64,0
DA:65,0
DA:66,0
DA:67,0
DA:68,0
DA:69,0
DA:70,0
DA:72,0
DA:73,0
DA:74,0
DA:77,0
DA:78,0
DA:79,0
DA:82,0
DA:83,0
DA:84,0
DA:86,0
DA:87,0
DA:89,0
DA:90,0
DA:93,0
DA:94,0
DA:95,0
DA:96,0
DA:97,0
DA:98,0
DA:102,0
DA:103,0
DA:104,0
DA:105,0
DA:106,0
DA:107,0
DA:109,0
DA:114,0
DA:115,0
DA:116,0
DA:117,0
DA:118,0
DA:119,0
DA:120,0
DA:121,0
DA:122,0
DA:124,0
DA:129,0
DA:130,0
DA:131,0
DA:132,0
DA:133,0
DA:134,0
DA:135,0
DA:137,0
DA:141,0
DA:153,0
DA:160,0
DA:174,0
DA:175,0
DA:190,0
DA:191,0
DA:202,0
DA:205,0
DA:222,0
DA:235,0
DA:236,0
DA:247,0
DA:248,0
DA:249,0
DA:253,0
LF:94
LH:0
BRDA:9,0,0,0
BRDA:9,0,1,0
BRDA:9,0,2,0
BRDA:18,1,0,0
BRDA:18,1,1,0
BRDA:19,2,0,0
BRDA:19,2,1,0
BRDA:31,3,0,0
BRDA:31,3,1,0
BRDA:33,4,0,0
BRDA:33,4,1,0
BRDA:37,5,0,0
BRDA:37,5,1,0
BRDA:39,6,0,0
BRDA:39,6,1,0
BRDA:52,7,0,0
BRDA:52,7,1,0
BRDA:56,8,0,0
BRDA:56,8,1,0
BRDA:94,9,0,0
BRDA:94,9,1,0
BRDA:94,10,0,0
BRDA:94,10,1,0
[...]
BRDA:245,42,0,0
BRDA:245,42,1,0
BRDA:251,43,0,0
BRDA:251,43,1,0
BRDA:265,44,0,0
BRDA:265,44,1,0
BRDA:265,44,2,0
BRDA:265,44,3,0
BRDA:265,44,4,0
BRDA:269,45,0,0
BRDA:269,45,1,0
BRDA:269,45,2,0
BRDA:269,45,3,0
BRDA:269,45,4,0
BRDA:273,46,0,0
BRDA:273,46,1,0
BRDA:273,46,2,0
BRDA:274,47,0,0
BRDA:274,47,1,0
BRDA:276,48,0,0
BRDA:276,48,1,0
BRF:111
BRH:0
end_of_record
TN:
SF:src/pages/Login.tsx
FN:5,Login
FN:11,(anonymous_1)
FN:14,handleSubmit
FN:42,(anonymous_3)
FN:54,(anonymous_4)
FN:65,(anonymous_5)
FNF:6
FNH:0
FNDA:0,Login
FNDA:0,(anonymous_1)
FNDA:0,handleSubmit
FNDA:0,(anonymous_3)
FNDA:0,(anonymous_4)
FNDA:0,(anonymous_5)
DA:6,0
DA:7,0
DA:8,0
DA:9,0
DA:10,0
DA:11,0
DA:12,0
DA:15,0
DA:16,0
DA:17,0
DA:19,0
DA:20,0
DA:21,0
DA:23,0
DA:25,0
DA:29,0
DA:42,0
DA:54,0
DA:65,0
LF:19
LH:0
BRDA:20,0,0,0
BRDA:20,0,1,0
BRDA:23,1,0,0
BRDA:23,1,1,0
BRDA:72,2,0,0
BRDA:72,2,1,0
BRDA:75,3,0,0
BRDA:75,3,1,0
BRF:8
BRH:0
end_of_record
TN:
SF:src/pages/Register.tsx
FN:5,Register
FN:12,(anonymous_1)
FN:15,handleSubmit
FN:52,(anonymous_3)
FN:68,(anonymous_4)
FN:78,(anonymous_5)
FN:90,(anonymous_6)
FNF:7
FNH:0
FNDA:0,Register
FNDA:0,(anonymous_1)
FNDA:0,handleSubmit
FNDA:0,(anonymous_3)
FNDA:0,(anonymous_4)
FNDA:0,(anonymous_5)
FNDA:0,(anonymous_6)
DA:6,0
DA:7,0
DA:8,0
DA:9,0
DA:10,0
DA:11,0
DA:12,0
DA:13,0
DA:16,0
DA:17,0
DA:19,0
DA:20,0
DA:21,0
DA:23,0
DA:24,0
DA:25,0
DA:28,0
DA:29,0
DA:30,0
DA:31,0
DA:33,0
DA:35,0
DA:39,0
DA:52,0
DA:68,0
DA:78,0
DA:90,0
LF:27
LH:0
BRDA:19,0,0,0
BRDA:19,0,1,0
BRDA:23,1,0,0
BRDA:23,1,1,0
BRDA:30,2,0,0
BRDA:30,2,1,0
BRDA:33,3,0,0
BRDA:33,3,1,0
BRDA:95,4,0,0
BRDA:95,4,1,0
BRDA:98,5,0,0
BRDA:98,5,1,0
BRF:12
BRH:0
end_of_record
TN:
SF:src/store/auth.ts
FN:27,persistIdentityKey
FN:35,loadPersistedIdentityKey
FN:49,clearPersistedIdentityKey
FN:67,(anonymous_3)
FN:75,(anonymous_4)
FN:81,(anonymous_5)
FN:118,(anonymous_6)
FN:179,(anonymous_7)
FN:181,(anonymous_8)
FNF:9
FNH:1
FNDA:0,persistIdentityKey
FNDA:0,loadPersistedIdentityKey
FNDA:0,clearPersistedIdentityKey
FNDA:1,(anonymous_3)
FNDA:0,(anonymous_4)
FNDA:0,(anonymous_5)
FNDA:0,(anonymous_6)
FNDA:0,(anonymous_7)
FNDA:0,(anonymous_8)
DA:19,1
DA:25,1
DA:28,0
DA:32,0
DA:36,0
DA:37,0
DA:38,0
DA:39,0
DA:40,0
DA:45,0
DA:50,0
DA:67,1
DA:76,0
DA:77,0
DA:78,0
DA:82,0
DA:85,0
DA:87,0
DA:88,0
DA:89,0
DA:91,0
DA:93,0
DA:94,0
DA:105,0
DA:107,0
DA:108,0
DA:109,0
DA:111,0
DA:119,0
DA:121,0
DA:122,0
DA:127,0
DA:128,0
DA:130,0
DA:132,0
DA:133,0
DA:134,0
DA:138,0
DA:139,0
DA:141,0
DA:142,0
DA:143,0
DA:144,0
DA:146,0
DA:148,0
DA:151,0
DA:152,0
DA:162,0
DA:172,0
DA:180,0
DA:181,0
DA:183,0
DA:184,0
LF:53
LH:3
BRDA:37,0,0,0
BRDA:37,0,1,0
BRDA:76,1,0,0
BRDA:76,1,1,0
BRDA:130,2,0,0
BRDA:130,2,1,0
BRDA:148,3,0,0
BRDA:148,3,1,0
BRF:8
BRH:0
end_of_record
TN:
SF:src/store/chat.ts
FN:126,mapDmChannelPeer
FN:131,(anonymous_1)
FN:144,(anonymous_2)
FN:165,(anonymous_3)
FN:175,(anonymous_4)
FN:176,(anonymous_5)
FN:178,(anonymous_6)
FN:182,(anonymous_7)
FN:186,(anonymous_8)
FN:189,(anonymous_9)
FN:195,(anonymous_10)
FN:201,(anonymous_11)
FN:203,(anonymous_12)
FN:205,(anonymous_13)
FN:217,(anonymous_14)
FN:219,(anonymous_15)
FN:221,(anonymous_16)
FN:223,(anonymous_17)
FN:225,(anonymous_18)
FN:230,(anonymous_19)
FN:237,(anonymous_20)
FN:240,(anonymous_21)
FN:253,(anonymous_22)
FN:254,(anonymous_23)
FN:257,(anonymous_24)
FN:262,(anonymous_25)
FN:263,(anonymous_26)
FN:272,(anonymous_27)
FN:273,(anonymous_28)
FN:277,(anonymous_29)
FN:278,(anonymous_30)
FN:282,(anonymous_31)
FN:283,(anonymous_32)
FN:287,(anonymous_33)
FN:289,(anonymous_34)
FN:301,(anonymous_35)
FN:303,(anonymous_36)
FN:308,(anonymous_37)
FN:314,(anonymous_38)
FN:315,(anonymous_39)
FN:322,(anonymous_40)
FN:328,(anonymous_41)
FN:330,(anonymous_42)
FN:341,(anonymous_43)
FN:342,(anonymous_44)
FN:344,(anonymous_45)
FN:357,(anonymous_46)
FN:360,(anonymous_47)
FN:365,(anonymous_48)
FN:374,(anonymous_49)
FN:390,(anonymous_50)
FN:391,(anonymous_51)
FN:392,(anonymous_52)
FN:394,(anonymous_53)
FN:395,(anonymous_54)
FN:403,(anonymous_55)
FN:455,(anonymous_56)
FN:456,(anonymous_57)
FN:471,(anonymous_58)
FN:485,(anonymous_59)
FN:486,(anonymous_60)
FN:553,(anonymous_61)
FN:565,(anonymous_62)
FN:581,(anonymous_63)
FN:617,(anonymous_64)
FN:619,(anonymous_65)
FN:626,(anonymous_66)
FN:628,(anonymous_67)
FN:630,(anonymous_68)
FN:633,(anonymous_69)
FN:636,(anonymous_70)
FN:641,(anonymous_71)
FN:644,(anonymous_72)
FN:645,(anonymous_73)
FN:646,(anonymous_74)
FN:650,(anonymous_75)
FN:661,(anonymous_76)
FN:662,(anonymous_77)
FN:701,(anonymous_78)
FN:702,(anonymous_79)
FN:707,(anonymous_80)
FN:708,(anonymous_81)
FN:720,(anonymous_82)
FN:724,(anonymous_83)
FN:728,(anonymous_84)
FN:732,(anonymous_85)
FN:736,(anonymous_86)
FN:740,(anonymous_87)
FN:746,(anonymous_88)
FN:752,(anonymous_89)
FN:758,(anonymous_90)
FN:777,(anonymous_91)
FN:784,(anonymous_92)
FN:794,(anonymous_93)
FN:800,(anonymous_94)
FN:806,(anonymous_95)
FN:813,(anonymous_96)
FN:819,(anonymous_97)
FN:825,(anonymous_98)
FN:829,(anonymous_99)
FN:837,(anonymous_100)
FN:871,(anonymous_101)
FN:872,(anonymous_102)
FN:883,(anonymous_103)
FN:887,(anonymous_104)
FN:893,(anonymous_105)
FN:897,(anonymous_106)
FN:911,appendMessage
FN:917,(anonymous_108)
FN:926,clearTypingForUser
FN:927,(anonymous_110)
FN:930,(anonymous_111)
FN:936,handleIncomingMessage
FN:945,(anonymous_113)
FN:951,(anonymous_114)
FN:968,(anonymous_115)
FN:983,(anonymous_116)
FN:994,(anonymous_117)
FN:1008,(anonymous_118)
FN:1012,handleMessageEdited
FN:1021,(anonymous_120)
FN:1025,(anonymous_121)
FN:1036,(anonymous_122)
FN:1039,(anonymous_123)
FN:1042,(anonymous_124)
FN:1047,(anonymous_125)
FN:1065,fetchLinkPreviews
FN:1073,(anonymous_127)
FN:1076,(anonymous_128)
FN:1077,(anonymous_129)
FN:1097,generateThumbnail
FN:1100,(anonymous_131)
FN:1104,(anonymous_132)
FN:1124,(anonymous_133)
FN:1136,(anonymous_134)
FNF:135
FNH:0
FNDA:0,mapDmChannelPeer
FNDA:0,(anonymous_1)
FNDA:0,(anonymous_2)
FNDA:0,(anonymous_3)
FNDA:0,(anonymous_4)
FNDA:0,(anonymous_5)
FNDA:0,(anonymous_6)
FNDA:0,(anonymous_7)
FNDA:0,(anonymous_8)
FNDA:0,(anonymous_9)
FNDA:0,(anonymous_10)
FNDA:0,(anonymous_11)
FNDA:0,(anonymous_12)
FNDA:0,(anonymous_13)
FNDA:0,(anonymous_14)
FNDA:0,(anonymous_15)
FNDA:0,(anonymous_16)
FNDA:0,(anonymous_17)
FNDA:0,(anonymous_18)
FNDA:0,(anonymous_19)
FNDA:0,(anonymous_20)
FNDA:0,(anonymous_21)
FNDA:0,(anonymous_22)
FNDA:0,(anonymous_23)
FNDA:0,(anonymous_24)
FNDA:0,(anonymous_25)
FNDA:0,(anonymous_26)
FNDA:0,(anonymous_27)
FNDA:0,(anonymous_28)
FNDA:0,(anonymous_29)
FNDA:0,(anonymous_30)
FNDA:0,(anonymous_31)
FNDA:0,(anonymous_32)
FNDA:0,(anonymous_33)
FNDA:0,(anonymous_34)
FNDA:0,(anonymous_35)
FNDA:0,(anonymous_36)
FNDA:0,(anonymous_37)
FNDA:0,(anonymous_38)
FNDA:0,(anonymous_39)
FNDA:0,(anonymous_40)
FNDA:0,(anonymous_41)
FNDA:0,(anonymous_42)
FNDA:0,(anonymous_43)
FNDA:0,(anonymous_44)
FNDA:0,(anonymous_45)
FNDA:0,(anonymous_46)
FNDA:0,(anonymous_47)
FNDA:0,(anonymous_48)
FNDA:0,(anonymous_49)
FNDA:0,(anonymous_50)
FNDA:0,(anonymous_51)
FNDA:0,(anonymous_52)
FNDA:0,(anonymous_53)
FNDA:0,(anonymous_54)
FNDA:0,(anonymous_55)
FNDA:0,(anonymous_56)
FNDA:0,(anonymous_57)
FNDA:0,(anonymous_58)
FNDA:0,(anonymous_59)
FNDA:0,(anonymous_60)
FNDA:0,(anonymous_61)
FNDA:0,(anonymous_62)
FNDA:0,(anonymous_63)
FNDA:0,(anonymous_64)
FNDA:0,(anonymous_65)
FNDA:0,(anonymous_66)
FNDA:0,(anonymous_67)
FNDA:0,(anonymous_68)
FNDA:0,(anonymous_69)
FNDA:0,(anonymous_70)
FNDA:0,(anonymous_71)
FNDA:0,(anonymous_72)
FNDA:0,(anonymous_73)
FNDA:0,(anonymous_74)
FNDA:0,(anonymous_75)
FNDA:0,(anonymous_76)
FNDA:0,(anonymous_77)
FNDA:0,(anonymous_78)
FNDA:0,(anonymous_79)
FNDA:0,(anonymous_80)
FNDA:0,(anonymous_81)
FNDA:0,(anonymous_82)
FNDA:0,(anonymous_83)
FNDA:0,(anonymous_84)
FNDA:0,(anonymous_85)
FNDA:0,(anonymous_86)
FNDA:0,(anonymous_87)
FNDA:0,(anonymous_88)
FNDA:0,(anonymous_89)
FNDA:0,(anonymous_90)
FNDA:0,(anonymous_91)
FNDA:0,(anonymous_92)
FNDA:0,(anonymous_93)
FNDA:0,(anonymous_94)
FNDA:0,(anonymous_95)
FNDA:0,(anonymous_96)
FNDA:0,(anonymous_97)
FNDA:0,(anonymous_98)
FNDA:0,(anonymous_99)
FNDA:0,(anonymous_100)
FNDA:0,(anonymous_101)
FNDA:0,(anonymous_102)
FNDA:0,(anonymous_103)
FNDA:0,(anonymous_104)
FNDA:0,(anonymous_105)
FNDA:0,(anonymous_106)
FNDA:0,appendMessage
FNDA:0,(anonymous_108)
FNDA:0,clearTypingForUser
FNDA:0,(anonymous_110)
FNDA:0,(anonymous_111)
FNDA:0,handleIncomingMessage
FNDA:0,(anonymous_113)
FNDA:0,(anonymous_114)
FNDA:0,(anonymous_115)
FNDA:0,(anonymous_116)
FNDA:0,(anonymous_117)
FNDA:0,(anonymous_118)
FNDA:0,handleMessageEdited
FNDA:0,(anonymous_120)
FNDA:0,(anonymous_121)
FNDA:0,(anonymous_122)
FNDA:0,(anonymous_123)
FNDA:0,(anonymous_124)
FNDA:0,(anonymous_125)
FNDA:0,fetchLinkPreviews
FNDA:0,(anonymous_127)
FNDA:0,(anonymous_128)
FNDA:0,(anonymous_129)
FNDA:0,generateThumbnail
FNDA:0,(anonymous_131)
FNDA:0,(anonymous_132)
FNDA:0,(anonymous_133)
FNDA:0,(anonymous_134)
DA:119,0
DA:120,0
DA:121,0
DA:127,0
DA:128,0
DA:129,0
DA:130,0
DA:131,0
DA:132,0
DA:138,0
DA:140,0
DA:142,0
DA:144,0
DA:166,0
DA:167,0
DA:168,0
DA:170,0
DA:175,0
DA:176,0
DA:178,0
DA:179,0
DA:182,0
DA:183,0
DA:186,0
DA:187,0
DA:188,0
DA:189,0
DA:190,0
DA:191,0
DA:192,0
DA:195,0
DA:201,0
DA:202,0
DA:203,0
DA:204,0
DA:205,0
DA:206,0
DA:207,0
DA:208,0
DA:211,0
DA:213,0
DA:217,0
DA:218,0
DA:219,0
DA:220,0
DA:222,0
DA:223,0
DA:225,0
DA:226,0
DA:230,0
DA:231,0
DA:232,0
DA:233,0
DA:234,0
DA:237,0
DA:238,0
DA:239,0
DA:240,0
DA:241,0
DA:242,0
DA:243,0
DA:244,0
DA:245,0
DA:248,0
DA:249,0
DA:253,0
DA:254,0
DA:257,0
DA:258,0
DA:262,0
DA:263,0
DA:264,0
DA:265,0
DA:272,0
DA:273,0
DA:274,0
DA:277,0
DA:278,0
DA:279,0
DA:282,0
DA:283,0
DA:284,0
DA:287,0
DA:288,0
DA:289,0
DA:290,0
DA:291,0
DA:292,0
DA:301,0
DA:302,0
DA:303,0
DA:304,0
DA:305,0
DA:308,0
DA:314,0
DA:315,0
DA:316,0
DA:319,0
DA:322,0
DA:323,0
DA:324,0
DA:325,0
DA:327,0
DA:328,0
DA:329,0
DA:330,0
DA:332,0
DA:341,0
DA:342,0
DA:343,0
DA:344,0
DA:346,0
DA:353,0
DA:354,0
DA:357,0
DA:361,0
DA:362,0
DA:366,0
DA:367,0
DA:368,0
DA:369,0
DA:370,0
DA:371,0
DA:375,0
DA:378,0
DA:389,0
DA:390,0
DA:391,0
DA:392,0
DA:394,0
DA:395,0
DA:398,0
DA:401,0
DA:402,0
DA:403,0
DA:404,0
DA:405,0
DA:408,0
DA:411,0
DA:412,0
DA:413,0
DA:414,0
DA:419,0
DA:420,0
DA:421,0
DA:422,0
DA:423,0
DA:424,0
DA:425,0
DA:432,0
DA:433,0
DA:434,0
DA:435,0
DA:440,0
DA:441,0
DA:442,0
DA:443,0
DA:448,0
DA:449,0
DA:450,0
DA:451,0
DA:452,0
DA:453,0
DA:454,0
DA:455,0
DA:456,0
DA:457,0
DA:458,0
DA:464,0
DA:465,0
DA:471,0
DA:477,0
DA:478,0
DA:479,0
DA:480,0
DA:486,0
DA:487,0
DA:488,0
DA:492,0
DA:493,0
DA:499,0
DA:500,0
DA:501,0
DA:507,0
DA:509,0
DA:510,0
DA:512,0
DA:514,0
DA:515,0
DA:524,0
DA:526,0
DA:527,0
DA:528,0
DA:529,0
DA:530,0
DA:531,0
DA:534,0
DA:535,0
DA:536,0
DA:537,0
DA:538,0
DA:540,0
DA:553,0
DA:558,0
DA:559,0
DA:560,0
DA:561,0
DA:562,0
DA:563,0
DA:565,0
DA:574,0
DA:575,0
DA:578,0
DA:582,0
DA:583,0
DA:585,0
DA:586,0
DA:589,0
DA:591,0
DA:601,0
DA:602,0
DA:604,0
DA:617,0
DA:619,0
DA:620,0
DA:623,0
DA:627,0
DA:628,0
DA:629,0
DA:630,0
DA:631,0
DA:633,0
DA:634,0
DA:636,0
DA:641,0
DA:645,0
DA:646,0
DA:651,0
DA:652,0
DA:654,0
DA:655,0
DA:657,0
DA:658,0
DA:661,0
DA:663,0
DA:667,0
DA:669,0
DA:670,0
DA:673,0
DA:677,0
DA:679,0
DA:689,0
DA:690,0
DA:691,0
DA:692,0
DA:693,0
DA:694,0
DA:698,0
DA:701,0
DA:703,0
DA:707,0
DA:709,0
DA:716,0
DA:717,0
DA:721,0
DA:725,0
DA:729,0
DA:733,0
DA:737,0
DA:738,0
DA:739,0
DA:740,0
DA:747,0
DA:748,0
DA:749,0
DA:753,0
DA:754,0
DA:755,0
DA:759,0
DA:760,0
DA:762,0
DA:763,0
DA:765,0
DA:773,0
DA:776,0
DA:777,0
DA:778,0
DA:779,0
DA:780,0
DA:785,0
DA:795,0
DA:796,0
DA:797,0
DA:799,0
DA:800,0
DA:801,0
DA:802,0
DA:803,0
DA:806,0
DA:814,0
DA:815,0
DA:816,0
DA:820,0
DA:821,0
DA:822,0
DA:826,0
DA:827,0
DA:828,0
DA:829,0
DA:830,0
DA:831,0
DA:833,0
DA:838,0
DA:839,0
DA:840,0
DA:843,0
DA:844,0
DA:847,0
DA:848,0
DA:851,0
DA:856,0
DA:858,0
DA:864,0
DA:867,0
DA:868,0
DA:871,0
DA:872,0
DA:873,0
DA:880,0
DA:884,0
DA:885,0
DA:886,0
DA:887,0
DA:894,0
DA:895,0
DA:896,0
DA:897,0
DA:909,0
DA:916,0
DA:917,0
DA:918,0
DA:919,0
DA:920,0
DA:922,0
DA:927,0
DA:928,0
DA:929,0
DA:930,0
DA:931,0
DA:932,0
DA:938,0
DA:939,0
DA:940,0
DA:944,0
DA:945,0
DA:946,0
DA:950,0
DA:951,0
DA:960,0
DA:962,0
DA:965,0
DA:966,0
DA:967,0
DA:968,0
DA:974,0
DA:983,0
DA:984,0
DA:987,0
DA:988,0
DA:989,0
DA:990,0
DA:991,0
DA:993,0
DA:994,0
DA:996,0
DA:998,0
DA:999,0
DA:1008,0
DA:1013,0
DA:1016,0
DA:1017,0
DA:1018,0
DA:1021,0
DA:1022,0
DA:1023,0
DA:1025,0
DA:1026,0
DA:1029,0
DA:1036,0
DA:1037,0
DA:1038,0
DA:1039,0
DA:1043,0
DA:1048,0
DA:1052,0
DA:1055,0
DA:1061,0
DA:1062,0
DA:1063,0
DA:1066,0
DA:1067,0
DA:1069,0
DA:1070,0
DA:1072,0
DA:1074,0
DA:1077,0
DA:1083,0
DA:1084,0
DA:1085,0
DA:1086,0
DA:1089,0
DA:1094,0
DA:1095,0
DA:1100,0
DA:1101,0
DA:1102,0
DA:1104,0
DA:1105,0
DA:1106,0
DA:1107,0
DA:1109,0
DA:1110,0
DA:1111,0
DA:1112,0
DA:1113,0
DA:1114,0
DA:1115,0
DA:1116,0
DA:1118,0
DA:1119,0
DA:1120,0
DA:1121,0
DA:1124,0
DA:1125,0
DA:1126,0
DA:1129,0
DA:1136,0
DA:1137,0
DA:1138,0
LF:439
LH:0
BRDA:127,0,0,0
BRDA:127,0,1,0
BRDA:130,1,0,0
BRDA:130,1,1,0
BRDA:130,2,0,0
BRDA:130,2,1,0
BRDA:132,3,0,0
BRDA:132,3,1,0
BRDA:168,4,0,0
BRDA:168,4,1,0
BRDA:191,5,0,0
BRDA:191,5,1,0
BRDA:204,6,0,0
BRDA:204,6,1,0
BRDA:206,7,0,0
BRDA:206,7,1,0
BRDA:207,8,0,0
BRDA:207,8,1,0
BRDA:220,9,0,0
BRDA:220,9,1,0
BRDA:222,10,0,0
BRDA:222,10,1,0
BRDA:232,11,0,0
BRDA:232,11,1,0
BRDA:241,12,0,0
BRDA:241,12,1,0
BRDA:248,13,0,0
BRDA:248,13,1,0
BRDA:290,14,0,0
BRDA:290,14,1,0
BRDA:291,15,0,0
BRDA:291,15,1,0
BRDA:304,16,0,0
BRDA:304,16,1,0
BRDA:325,17,0,0
BRDA:325,17,1,0
BRDA:329,18,0,0
BRDA:329,18,1,0
BRDA:330,19,0,0
BRDA:330,19,1,0
BRDA:343,20,0,0
BRDA:343,20,1,0
BRDA:367,21,0,0
BRDA:367,21,1,0
BRDA:369,22,0,0
BRDA:369,22,1,0
BRDA:369,23,0,0
BRDA:369,23,1,0
BRDA:412,24,0,0
BRDA:412,24,1,0
BRDA:423,25,0,0
BRDA:423,25,1,0
BRDA:425,26,0,0
BRDA:425,26,1,0
BRDA:435,27,0,0
BRDA:435,27,1,0
BRDA:435,27,2,0
BRDA:442,28,0,0
BRDA:442,28,1,0
BRDA:453,29,0,0
BRDA:453,29,1,0
BRDA:455,30,0,0
BRDA:455,30,1,0
BRDA:455,30,2,0
BRDA:457,31,0,0
BRDA:457,31,1,0
BRDA:478,32,0,0
BRDA:478,32,1,0
BRDA:478,33,0,0
BRDA:478,33,1,0
BRDA:499,34,0,0
BRDA:499,34,1,0
BRDA:512,35,0,0
BRDA:512,35,1,0
BRDA:536,36,0,0
BRDA:536,36,1,0
BRDA:562,37,0,0
BRDA:562,37,1,0
BRDA:575,38,0,0
BRDA:575,38,1,0
BRDA:583,39,0,0
BRDA:583,39,1,0
BRDA:583,40,0,0
BRDA:583,40,1,0
BRDA:586,41,0,0
BRDA:586,41,1,0
BRDA:597,42,0,0
BRDA:597,42,1,0
BRDA:610,43,0,0
BRDA:610,43,1,0
BRDA:620,44,0,0
BRDA:620,44,1,0
BRDA:629,45,0,0
BRDA:629,45,1,0
BRDA:634,46,0,0
BRDA:634,46,1,0
BRDA:652,47,0,0
BRDA:652,47,1,0
BRDA:663,48,0,0
BRDA:663,48,1,0
BRDA:682,49,0,0
BRDA:682,49,1,0
BRDA:689,50,0,0
BRDA:689,50,1,0
BRDA:691,51,0,0
BRDA:691,51,1,0
BRDA:703,52,0,0
BRDA:703,52,1,0
BRDA:709,53,0,0
BRDA:709,53,1,0
BRDA:748,54,0,0
BRDA:748,54,1,0
BRDA:748,55,0,0
BRDA:748,55,1,0
BRDA:754,56,0,0
BRDA:754,56,1,0
BRDA:754,57,0,0
BRDA:754,57,1,0
BRDA:760,58,0,0
BRDA:760,58,1,0
BRDA:760,59,0,0
BRDA:760,59,1,0
BRDA:763,60,0,0
BRDA:763,60,1,0
BRDA:779,61,0,0
BRDA:779,61,1,0
BRDA:785,62,0,0
BRDA:785,62,1,0
BRDA:796,63,0,0
BRDA:796,63,1,0
BRDA:799,64,0,0
BRDA:799,64,1,0
BRDA:802,65,0,0
BRDA:802,65,1,0
BRDA:815,66,0,0
BRDA:815,66,1,0
BRDA:821,67,0,0
BRDA:821,67,1,0
BRDA:827,68,0,0
BRDA:827,68,1,0
BRDA:828,69,0,0
BRDA:828,69,1,0
BRDA:830,70,0,0
BRDA:830,70,1,0
BRDA:830,71,0,0
BRDA:830,71,1,0
BRDA:840,72,0,0
BRDA:840,72,1,0
BRDA:840,73,0,0
BRDA:840,73,1,0
BRDA:868,74,0,0
BRDA:868,74,1,0
BRDA:874,75,0,0
BRDA:874,75,1,0
BRDA:876,76,0,0
BRDA:876,76,1,0
BRDA:916,77,0,0
BRDA:916,77,1,0
BRDA:917,78,0,0
BRDA:917,78,1,0
BRDA:919,79,0,0
BRDA:919,79,1,0
BRDA:929,80,0,0
BRDA:929,80,1,0
BRDA:929,81,0,0
BRDA:929,81,1,0
BRDA:931,82,0,0
BRDA:931,82,1,0
BRDA:938,83,0,0
BRDA:938,83,1,0
BRDA:945,84,0,0
BRDA:945,84,1,0
BRDA:950,85,0,0
BRDA:950,85,1,0
BRDA:954,86,0,0
BRDA:954,86,1,0
BRDA:960,87,0,0
BRDA:960,87,1,0
BRDA:967,88,0,0
BRDA:967,88,1,0
BRDA:967,89,0,0
BRDA:967,89,1,0
BRDA:967,89,2,0
BRDA:999,90,0,0
BRDA:999,90,1,0
BRDA:1016,91,0,0
BRDA:1016,91,1,0
BRDA:1023,92,0,0
BRDA:1023,92,1,0
BRDA:1026,93,0,0
BRDA:1026,93,1,0
BRDA:1042,94,0,0
BRDA:1042,94,1,0
BRDA:1043,95,0,0
BRDA:1043,95,1,0
BRDA:1067,96,0,0
BRDA:1067,96,1,0
BRDA:1067,97,0,0
BRDA:1067,97,1,0
BRDA:1085,98,0,0
BRDA:1085,98,1,0
BRDA:1085,99,0,0
BRDA:1085,99,1,0
BRDA:1085,99,2,0
BRDA:1085,99,3,0
BRDA:1113,100,0,0
BRDA:1113,100,1,0
BRDA:1137,101,0,0
BRDA:1137,101,1,0
BRF:209
BRH:0
end_of_record
TN:
SF:src/store/friends.ts
FN:20,(anonymous_0)
FN:25,(anonymous_1)
FN:36,(anonymous_2)
FN:46,(anonymous_3)
FN:49,(anonymous_4)
FN:53,(anonymous_5)
FN:56,(anonymous_6)
FN:57,(anonymous_7)
FN:61,(anonymous_8)
FN:64,(anonymous_9)
FN:65,(anonymous_10)
FN:69,(anonymous_11)
FN:72,(anonymous_12)
FN:73,(anonymous_13)
FN:77,(anonymous_14)
FN:80,(anonymous_15)
FN:81,(anonymous_16)
FN:85,(anonymous_17)
FN:88,(anonymous_18)
FN:89,(anonymous_19)
FNF:20
FNH:20
FNDA:1,(anonymous_0)
FNDA:3,(anonymous_1)
FNDA:2,(anonymous_2)
FNDA:1,(anonymous_3)
FNDA:1,(anonymous_4)
FNDA:1,(anonymous_5)
FNDA:1,(anonymous_6)
FNDA:1,(anonymous_7)
FNDA:1,(anonymous_8)
FNDA:1,(anonymous_9)
FNDA:1,(anonymous_10)
FNDA:1,(anonymous_11)
FNDA:1,(anonymous_12)
FNDA:1,(anonymous_13)
FNDA:1,(anonymous_14)
FNDA:1,(anonymous_15)
FNDA:2,(anonymous_16)
FNDA:1,(anonymous_17)
FNDA:1,(anonymous_18)
FNDA:1,(anonymous_19)
DA:20,1
DA:26,3
DA:27,3
DA:28,3
DA:29,3
DA:30,2
DA:32,3
DA:37,2
DA:38,2
DA:39,2
DA:40,1
DA:47,1
DA:48,1
DA:49,1
DA:50,1
DA:54,1
DA:55,1
DA:56,1
DA:57,1
DA:62,1
DA:63,1
DA:64,1
DA:65,1
DA:70,1
DA:71,1
DA:72,1
DA:73,1
DA:78,1
DA:79,1
DA:80,1
DA:81,2
DA:86,1
DA:87,1
DA:88,1
DA:89,1
LF:35
LH:35
BRDA:57,0,0,1
BRDA:57,0,1,0
BRF:2
BRH:1
end_of_record
TN:
SF:src/store/presence.ts
FN:34,(anonymous_0)
FN:39,(anonymous_1)
FN:40,(anonymous_2)
FN:45,(anonymous_3)
FN:51,(anonymous_4)
FN:60,(anonymous_5)
FNF:6
FNH:0
FNDA:0,(anonymous_0)
FNDA:0,(anonymous_1)
FNDA:0,(anonymous_2)
FNDA:0,(anonymous_3)
FNDA:0,(anonymous_4)
FNDA:0,(anonymous_5)
DA:6,0
DA:34,0
DA:40,0
DA:46,0
DA:47,0
DA:48,0
DA:52,0
DA:53,0
DA:54,0
DA:55,0
DA:56,0
DA:57,0
DA:58,0
DA:60,0
LF:14
LH:0
BRDA:48,0,0,0
BRDA:48,0,1,0
BRDA:52,1,0,0
BRDA:52,1,1,0
BRF:4
BRH:0
end_of_record
TN:
SF:src/store/ui.ts
FN:22,(anonymous_0)
FN:30,(anonymous_1)
FN:38,(anonymous_2)
FN:39,(anonymous_3)
FN:42,(anonymous_4)
FN:46,(anonymous_5)
FN:50,(anonymous_6)
FN:51,(anonymous_7)
FN:54,(anonymous_8)
FN:55,(anonymous_9)
FN:60,(anonymous_10)
FNF:11
FNH:11
FNDA:1,(anonymous_0)
FNDA:8,(anonymous_1)
FNDA:4,(anonymous_2)
FNDA:4,(anonymous_3)
FNDA:2,(anonymous_4)
FNDA:2,(anonymous_5)
FNDA:4,(anonymous_6)
FNDA:4,(anonymous_7)
FNDA:4,(anonymous_8)
FNDA:4,(anonymous_9)
FNDA:64,(anonymous_10)
DA:20,1
DA:22,1
DA:31,8
DA:39,4
DA:43,2
DA:47,2
DA:51,4
DA:55,4
DA:60,64
LF:9
LH:9
BRDA:34,0,0,3
BRDA:34,0,1,5
BRF:2
BRH:2
end_of_record
TN:
SF:src/store/voice.ts
FN:62,(anonymous_0)
FN:84,(anonymous_1)
FN:104,(anonymous_2)
FN:124,(anonymous_3)
FN:125,(anonymous_4)
FN:128,(anonymous_5)
FN:129,(anonymous_6)
FN:132,(anonymous_7)
FN:137,(anonymous_8)
FN:140,(anonymous_9)
FN:143,(anonymous_10)
FN:146,(anonymous_11)
FN:149,(anonymous_12)
FN:152,(anonymous_13)
FN:156,(anonymous_14)
FN:157,(anonymous_15)
FN:162,(anonymous_16)
FN:172,(anonymous_17)
FN:180,(anonymous_18)
FN:184,(anonymous_19)
FN:195,(anonymous_20)
FNF:21
FNH:0
FNDA:0,(anonymous_0)
FNDA:0,(anonymous_1)
FNDA:0,(anonymous_2)
FNDA:0,(anonymous_3)
FNDA:0,(anonymous_4)
FNDA:0,(anonymous_5)
FNDA:0,(anonymous_6)
FNDA:0,(anonymous_7)
FNDA:0,(anonymous_8)
FNDA:0,(anonymous_9)
FNDA:0,(anonymous_10)
FNDA:0,(anonymous_11)
FNDA:0,(anonymous_12)
FNDA:0,(anonymous_13)
FNDA:0,(anonymous_14)
FNDA:0,(anonymous_15)
FNDA:0,(anonymous_16)
FNDA:0,(anonymous_17)
FNDA:0,(anonymous_18)
FNDA:0,(anonymous_19)
FNDA:0,(anonymous_20)
DA:60,0
DA:62,0
DA:85,0
DA:86,0
DA:87,0
DA:88,0
DA:89,0
DA:94,0
DA:95,0
DA:105,0
DA:106,0
DA:107,0
DA:108,0
DA:109,0
DA:114,0
DA:125,0
DA:129,0
DA:133,0
DA:138,0
DA:141,0
DA:144,0
DA:147,0
DA:150,0
DA:153,0
DA:157,0
DA:158,0
DA:160,0
DA:162,0
DA:163,0
DA:165,0
DA:172,0
DA:174,0
DA:181,0
DA:182,0
DA:183,0
DA:184,0
DA:195,0
LF:37
LH:0
BRDA:106,0,0,0
BRDA:106,0,1,0
BRDA:158,1,0,0
BRDA:158,1,1,0
BRDA:160,2,0,0
BRDA:160,2,1,0
BRDA:162,3,0,0
BRDA:162,3,1,0
BRF:8
BRH:0
end_of_record
